#
# A fatal error has been detected by the Java Runtime Environment:
#
#  SIGSEGV (0xb) at pc=0x00007f44e8708ae8, pid=406, tid=456
#
# JRE version: Java(TM) SE Runtime Environment 18.9 (11.0.7+8) (build 11.0.7+8-LTS)
# Java VM: Java HotSpot(TM) 64-Bit Server VM 18.9 (11.0.7+8-LTS, mixed mode, tiered, compressed oops, g1 gc, linux-amd64)
# Problematic frame:
# V  [libjvm.so+0x7c8ae8]  void G1ScanObjsDuringUpdateRSClosure::do_oop_work<unsigned int>(unsigned int*)+0x68
#
# Core dump will be written. Default location: Core dumps may be processed with "/usr/share/apport/apport %p %s %c %d %P %E" (or dumping to /home/antonio/Documentos/aplicativos/desenvolvimento/projeto-api/core.406)
#
# If you would like to submit a bug report, please visit:
#   https://bugreport.java.com/bugreport/crash.jsp
#

---------------  S U M M A R Y ------------

Command Line: -Dcom.sun.management.jmxremote -Dcom.sun.management.jmxremote.port=43153 -Dcom.sun.management.jmxremote.authenticate=false -Dcom.sun.management.jmxremote.ssl=false -Djava.rmi.server.hostname=localhost -Dspring.jmx.enabled=true -Dspring.application.admin.enabled=true -Djava.security.egd=file:/dev/./urandom -Xverify:none -XX:TieredStopAtLevel=1 -Dfile.encoding=UTF-8 br.com.codigolivre.projetoapi.ProjetoApiApplication --spring.output.ansi.enabled=always

Host: Intel(R) Core(TM) i7-2630QM CPU @ 2.00GHz, 8 cores, 11G, Ubuntu 18.04.5 LTS
Time: Wed Sep 16 01:44:31 2020 -03 elapsed time: 3 seconds (0d 0h 0m 3s)

---------------  T H R E A D  ---------------

Current thread (0x00007f44ac001000):  GCTaskThread "GC Thread#1" [stack: 0x00007f449dfdc000,0x00007f449e0dc000] [id=456]

Stack: [0x00007f449dfdc000,0x00007f449e0dc000],  sp=0x00007f449e0da9c0,  free space=1018k
Native frames: (J=compiled Java code, A=aot compiled Java code, j=interpreted, Vv=VM code, C=native code)
V  [libjvm.so+0x7c8ae8]  void G1ScanObjsDuringUpdateRSClosure::do_oop_work<unsigned int>(unsigned int*)+0x68
V  [libjvm.so+0x7cc791]  void OopOopIterateDispatch<G1ScanObjsDuringUpdateRSClosure>::Table::oop_oop_iterate<InstanceRefKlass, unsigned int>(G1ScanObjsDuringUpdateRSClosure*, oopDesc*, Klass*)+0xf1
V  [libjvm.so+0x7c74b0]  bool HeapRegion::oops_on_card_seq_iterate_careful<true, G1ScanObjsDuringUpdateRSClosure>(MemRegion, G1ScanObjsDuringUpdateRSClosure*)+0x1a0
V  [libjvm.so+0x7c3293]  G1RemSet::refine_card_during_gc(signed char*, G1ScanObjsDuringUpdateRSClosure*) [clone .part.123]+0xa3
V  [libjvm.so+0x7c76f5]  G1RefineCardClosure::do_card_ptr(signed char*, unsigned int)+0x35
V  [libjvm.so+0x72cfa8]  DirtyCardQueueSet::apply_closure_during_gc(CardTableEntryClosure*, unsigned int)+0x148
V  [libjvm.so+0x77658a]  G1CollectedHeap::iterate_dirty_card_closure(CardTableEntryClosure*, unsigned int)+0x3a
V  [libjvm.so+0x7c374d]  G1RemSet::update_rem_set(G1ParScanThreadState*, unsigned int)+0x10d
V  [libjvm.so+0x7c38ab]  G1RemSet::oops_into_collection_set_do(G1ParScanThreadState*, unsigned int)+0x1b
V  [libjvm.so+0x781f42]  G1ParTask::work(unsigned int)+0x102
V  [libjvm.so+0xe9fa8d]  GangWorker::loop()+0x4d
V  [libjvm.so+0xe0987a]  Thread::call_run()+0x13a
V  [libjvm.so+0xc5160e]  thread_native_entry(Thread*)+0xee


siginfo: si_signo: 11 (SIGSEGV), si_code: 1 (SEGV_MAPERR), si_addr: 0x00000000000000f8

Register to memory mapping:

RAX=0x0000000747087410 is an unknown value
RBX=0x00007f44e93d1dd8: <offset 0x0000000001491dd8> in /usr/lib/jvm/jdk-11/lib/server/libjvm.so at 0x00007f44e7f40000
RCX=0x0000000000000014 is an unknown value
RDX=0x00007f44e0020cf0 points into unknown readable memory: 00 00 00 00 00 00 00 00
RSP=0x00007f449e0da9c0 points into unknown readable memory: 10 aa 0d 9e 44 7f 00 00
RBP=0x00007f449e0da9c0 points into unknown readable memory: 10 aa 0d 9e 44 7f 00 00
RSI=0x00000007475ea78c is pointing into object: java.lang.ref.WeakReference 
{0x00000007475ea780} - klass: 'java/lang/ref/WeakReference'
RDI=0x00007f449e0dabc0 points into unknown readable memory: 88 19 2d e9 44 7f 00 00
R8 =0x00000007475ea78c is pointing into object: java.lang.ref.WeakReference 
{0x00000007475ea780} - klass: 'java/lang/ref/WeakReference'
R9 =0x00007f449e0dabc0 points into unknown readable memory: 88 19 2d e9 44 7f 00 00
R10=0x0 is NULL
R11=0x0 is NULL
R12=0x00007f449e0dabc0 points into unknown readable memory: 88 19 2d e9 44 7f 00 00
R13=0x0000000000000003 is an unknown value
R14=0x00000007475ea780 is an oop: java.lang.ref.WeakReference 
{0x00000007475ea780} - klass: 'java/lang/ref/WeakReference'
R15=0x00000007475ea798 is an oop: 
[error occurred during error reporting (printing register info), id 0xb, SIGSEGV (0xb) at pc=0x00007f44e8b73d36]

Registers:
RAX=0x0000000747087410, RBX=0x00007f44e93d1dd8, RCX=0x0000000000000014, RDX=0x00007f44e0020cf0
RSP=0x00007f449e0da9c0, RBP=0x00007f449e0da9c0, RSI=0x00000007475ea78c, RDI=0x00007f449e0dabc0
R8 =0x00000007475ea78c, R9 =0x00007f449e0dabc0, R10=0x0000000000000000, R11=0x0000000000000000
R12=0x00007f449e0dabc0, R13=0x0000000000000003, R14=0x00000007475ea780, R15=0x00000007475ea798
RIP=0x00007f44e8708ae8, EFLAGS=0x0000000000010213, CSGSFS=0x002b000000000033, ERR=0x0000000000000004
  TRAPNO=0x000000000000000e

Top of Stack: (sp=0x00007f449e0da9c0)
0x00007f449e0da9c0:   00007f449e0daa10 00007f44e870c791
0x00007f449e0da9d0:   00000008000060b8 00000008000062e8
0x00007f449e0da9e0:   00007f449e0daa10 00007f44e00aa0d0
0x00007f449e0da9f0:   00000007475ea800 00007f44e0076998 

Instructions: (pc=0x00007f44e8708ae8)
0x00007f44e8708ac8:   49 89 c3 49 d3 eb 4e 8b 1c da 4c 39 5f 20 74 60
0x00007f44e8708ad8:   55 41 80 fa ff 49 89 f0 49 89 f9 48 89 e5 74 58
0x00007f44e8708ae8:   49 8b bb f8 00 00 00 8b 87 18 01 00 00 85 c0 75
0x00007f44e8708af8:   27 5d c3 0f 1f 44 00 00 31 d2 0f 18 0c 10 ba 10 

Stack slot to memory mapping:
stack at sp + 0 slots: 0x00007f449e0daa10 points into unknown readable memory: 80 aa 0d 9e 44 7f 00 00
stack at sp + 1 slots: 0x00007f44e870c791: <offset 0x00000000007cc791> in /usr/lib/jvm/jdk-11/lib/server/libjvm.so at 0x00007f44e7f40000
stack at sp + 2 slots: 0x00000008000060b8 is a pointer to class: 
java.lang.ref.WeakReference {0x00000008000060b8}
stack at sp + 3 slots: 0x00000008000062e8 is a pointer to class: 
java.lang.ref.FinalReference {0x00000008000062e8}
stack at sp + 4 slots: 0x00007f449e0daa10 points into unknown readable memory: 80 aa 0d 9e 44 7f 00 00
stack at sp + 5 slots: 0x00007f44e00aa0d0 points into unknown readable memory: 08 8c 37 e9 44 7f 00 00
stack at sp + 6 slots: 0x00000007475ea800 is pointing into object: java.util.WeakHashMap$Entry 
{0x00000007475ea7e8} - klass: 'java/util/WeakHashMap$Entry'
stack at sp + 7 slots: 0x00007f44e0076998 points into unknown readable memory: 00 00 20 47 07 00 00 00


---------------  P R O C E S S  ---------------

Threads class SMR info:
_java_thread_list=0x00007f4414002b70, length=26, elements={
0x00007f44e0026000, 0x00007f44e01b1800, 0x00007f44e01b5800, 0x00007f44e01ca000,
0x00007f44e01cc000, 0x00007f44e01ce800, 0x00007f44e02a9800, 0x00007f44e02f6000,
0x00007f44e06ad000, 0x00007f44e06b3800, 0x00007f44e06e6800, 0x00007f4484001800,
0x00007f4480001800, 0x00007f447000d800, 0x00007f4474026000, 0x00007f4498001000,
0x00007f44e08f8000, 0x00007f4454003000, 0x00007f4478001000, 0x00007f444c009800,
0x00007f44487d1000, 0x00007f44442ba000, 0x00007f44487d4000, 0x00007f44487f7000,
0x00007f4448b11800, 0x00007f4414001000
}

Java Threads: ( => current thread )
  0x00007f44e0026000 JavaThread "main" [_thread_blocked, id=417, stack(0x00007f44ea152000,0x00007f44ea253000)]
  0x00007f44e01b1800 JavaThread "Reference Handler" daemon [_thread_blocked, id=427, stack(0x00007f44c8088000,0x00007f44c8189000)]
  0x00007f44e01b5800 JavaThread "Finalizer" daemon [_thread_blocked, id=428, stack(0x00007f44bc28f000,0x00007f44bc390000)]
  0x00007f44e01ca000 JavaThread "Signal Dispatcher" daemon [_thread_blocked, id=429, stack(0x00007f44bc18e000,0x00007f44bc28f000)]
  0x00007f44e01cc000 JavaThread "C1 CompilerThread0" daemon [_thread_blocked, id=432, stack(0x00007f44bc08d000,0x00007f44bc18e000)]
  0x00007f44e01ce800 JavaThread "Sweeper thread" daemon [_thread_blocked, id=434, stack(0x00007f449fc1f000,0x00007f449fd20000)]
  0x00007f44e02a9800 JavaThread "Common-Cleaner" daemon [_thread_blocked, id=435, stack(0x00007f449fb1e000,0x00007f449fc1f000)]
  0x00007f44e02f6000 JavaThread "Service Thread" daemon [_thread_blocked, id=437, stack(0x00007f449fa1d000,0x00007f449fb1e000)]
  0x00007f44e06ad000 JavaThread "RMI TCP Accept-0" daemon [_thread_in_native, id=438, stack(0x00007f449ece5000,0x00007f449ede6000)]
  0x00007f44e06b3800 JavaThread "RMI TCP Accept-43153" daemon [_thread_in_native, id=439, stack(0x00007f449ebe4000,0x00007f449ece5000)]
  0x00007f44e06e6800 JavaThread "RMI TCP Accept-0" daemon [_thread_in_native, id=441, stack(0x00007f449e8e3000,0x00007f449e9e4000)]
  0x00007f4484001800 JavaThread "RMI TCP Connection(1)-127.0.0.1" daemon [_thread_in_native, id=445, stack(0x00007f449e6e0000,0x00007f449e7e1000)]
  0x00007f4480001800 JavaThread "RMI TCP Connection(2)-127.0.0.1" daemon [_thread_in_native, id=451, stack(0x00007f449e5df000,0x00007f449e6e0000)]
  0x00007f447000d800 JavaThread "RMI Scheduler(0)" daemon [_thread_blocked, id=452, stack(0x00007f449e4de000,0x00007f449e5df000)]
  0x00007f4474026000 JavaThread "JMX server connection timeout 19" daemon [_thread_blocked, id=453, stack(0x00007f449e3dd000,0x00007f449e4de000)]
  0x00007f4498001000 JavaThread "Attach Listener" daemon [_thread_blocked, id=455, stack(0x00007f449e0dc000,0x00007f449e1dd000)]
  0x00007f44e08f8000 JavaThread "Thread-0" [_thread_blocked, id=462, stack(0x00007f449dbd3000,0x00007f449dcd4000)]
  0x00007f4454003000 JavaThread "restartedMain" [_thread_blocked, id=463, stack(0x00007f449dad2000,0x00007f449dbd3000)]
  0x00007f4478001000 JavaThread "RMI TCP Connection(3)-127.0.0.1" daemon [_thread_in_native, id=465, stack(0x00007f449d9d1000,0x00007f449dad2000)]
  0x00007f444c009800 JavaThread "JMX server connection timeout 25" daemon [_thread_blocked, id=467, stack(0x00007f449d8d0000,0x00007f449d9d1000)]
  0x00007f44487d1000 JavaThread "Catalina-utility-1" [_thread_blocked, id=480, stack(0x00007f449d5cf000,0x00007f449d6d0000)]
  0x00007f44442ba000 JavaThread "Catalina-utility-2" [_thread_blocked, id=481, stack(0x00007f442feff000,0x00007f4430000000)]
  0x00007f44487d4000 JavaThread "container-0" [_thread_blocked, id=482, stack(0x00007f442fdfe000,0x00007f442feff000)]
  0x00007f44487f7000 JavaThread "mysql-cj-abandoned-connection-cleanup" daemon [_thread_blocked, id=483, stack(0x00007f442fcfd000,0x00007f442fdfe000)]
  0x00007f4448b11800 JavaThread "HikariPool-1 housekeeper" daemon [_thread_blocked, id=484, stack(0x00007f442efb6000,0x00007f442f0b7000)]
  0x00007f4414001000 JavaThread "HikariPool-1 connection adder" daemon [_thread_blocked, id=485, stack(0x00007f442eeb5000,0x00007f442efb6000)]

Other Threads:
  0x00007f44e01a9000 VMThread "VM Thread" [stack: 0x00007f44c818b000,0x00007f44c828b000] [id=426]
  0x00007f44e06e9800 WatcherThread [stack: 0x00007f449e7e3000,0x00007f449e8e3000] [id=444]
  0x00007f44e003c000 GCTaskThread "GC Thread#0" [stack: 0x00007f44e6627000,0x00007f44e6727000] [id=419]
=>0x00007f44ac001000 GCTaskThread "GC Thread#1" [stack: 0x00007f449dfdc000,0x00007f449e0dc000] [id=456]
  0x00007f44ac002800 GCTaskThread "GC Thread#2" [stack: 0x00007f449deda000,0x00007f449dfda000] [id=457]
  0x00007f44ac004000 GCTaskThread "GC Thread#3" [stack: 0x00007f449ddd8000,0x00007f449ded8000] [id=458]
  0x00007f44ac007800 GCTaskThread "GC Thread#4" [stack: 0x00007f449d2cf000,0x00007f449d3cf000] [id=474]
  0x00007f44ac008800 GCTaskThread "GC Thread#5" [stack: 0x00007f449d1cd000,0x00007f449d2cd000] [id=475]
  0x00007f44ac00a000 GCTaskThread "GC Thread#6" [stack: 0x00007f449d0cb000,0x00007f449d1cb000] [id=476]
  0x00007f44ac00c000 GCTaskThread "GC Thread#7" [stack: 0x00007f449cfc9000,0x00007f449d0c9000] [id=477]
  0x00007f44e0083000 ConcurrentGCThread "G1 Main Marker" [stack: 0x00007f44e4bc8000,0x00007f44e4cc8000] [id=421]
  0x00007f44e0085000 ConcurrentGCThread "G1 Conc#0" [stack: 0x00007f44e4ac6000,0x00007f44e4bc6000] [id=422]
  0x00007f44b8001000 ConcurrentGCThread "G1 Conc#1" [stack: 0x00007f449ccc7000,0x00007f449cdc7000] [id=478]
  0x00007f44e0146000 ConcurrentGCThread "G1 Refine#0" [stack: 0x00007f44e41bc000,0x00007f44e42bc000] [id=424]
  0x00007f44b4001000 ConcurrentGCThread "G1 Refine#1" [stack: 0x00007f449dcd6000,0x00007f449ddd6000] [id=460]
  0x00007f44e0148000 ConcurrentGCThread "G1 Young RemSet Sampling" [stack: 0x00007f44e40ba000,0x00007f44e41ba000] [id=425]

Threads with active compile tasks:
C1 CompilerThread04253       1       sun.security.util.DisabledAlgorithmConstraints$KeySizeConstraint::permits (86 bytes)

VM state:at safepoint (normal execution)

VM Mutex/Monitor currently owned by a thread:  ([mutex/lock_event])
[0x00007f44e00225e0] Threads_lock - owner thread: 0x00007f44e01a9000
[0x00007f44e0022d30] Heap_lock - owner thread: 0x00007f4414001000

Heap address: 0x0000000747200000, size: 2958 MB, Compressed Oops mode: Zero based, Oop shift amount: 3
Narrow klass base: 0x0000000800000000, Narrow klass shift: 0
Compressed class space size: 1073741824 Address: 0x0000000800000000

Heap:
 garbage-first heap   total 229376K, used 144279K [0x0000000747200000, 0x0000000800000000)
  region size 1024K, 140 young (143360K), 14 survivors (14336K)
 Metaspace       used 49392K, capacity 50804K, committed 51200K, reserved 1093632K
  class space    used 6273K, capacity 6803K, committed 6912K, reserved 1048576K
Heap Regions: E=young(eden), S=young(survivor), O=old, HS=humongous(starts), HC=humongous(continues), CS=collection set, F=free, A=archive, TAMS=top-at-mark-start (previous, next)
|   0|0x0000000747200000, 0x0000000747300000, 0x0000000747300000|100%|HS|  |TAMS 0x0000000747300000, 0x0000000747200000| Complete 
|   1|0x0000000747300000, 0x0000000747400000, 0x0000000747400000|100%| O|  |TAMS 0x0000000747400000, 0x0000000747300000| Untracked 
|   2|0x0000000747400000, 0x0000000747500000, 0x0000000747500000|100%| O|  |TAMS 0x0000000747500000, 0x0000000747400000| Untracked 
|   3|0x0000000747500000, 0x0000000747600000, 0x0000000747600000|100%| O|  |TAMS 0x0000000747600000, 0x0000000747500000| Untracked 
|   4|0x0000000747600000, 0x0000000747700000, 0x0000000747700000|100%| O|  |TAMS 0x0000000747700000, 0x0000000747600000| Untracked 
|   5|0x0000000747700000, 0x0000000747800000, 0x0000000747800000|100%| O|  |TAMS 0x0000000747800000, 0x0000000747700000| Untracked 
|   6|0x0000000747800000, 0x00000007478e5c00, 0x0000000747900000| 89%| O|  |TAMS 0x00000007478e5c00, 0x0000000747800000| Untracked 
|   7|0x0000000747900000, 0x0000000747900000, 0x0000000747a00000|  0%| F|  |TAMS 0x0000000747900000, 0x0000000747900000| Untracked 
|   8|0x0000000747a00000, 0x0000000747a00000, 0x0000000747b00000|  0%| F|  |TAMS 0x0000000747a00000, 0x0000000747a00000| Untracked 
|   9|0x0000000747b00000, 0x0000000747b00000, 0x0000000747c00000|  0%| F|  |TAMS 0x0000000747b00000, 0x0000000747b00000| Untracked 
|  10|0x0000000747c00000, 0x0000000747c00000, 0x0000000747d00000|  0%| F|  |TAMS 0x0000000747c00000, 0x0000000747c00000| Untracked 
|  11|0x0000000747d00000, 0x0000000747d00000, 0x0000000747e00000|  0%| F|  |TAMS 0x0000000747d00000, 0x0000000747d00000| Untracked 
|  12|0x0000000747e00000, 0x0000000747e00000, 0x0000000747f00000|  0%| F|  |TAMS 0x0000000747e00000, 0x0000000747e00000| Untracked 
|  13|0x0000000747f00000, 0x0000000747f00000, 0x0000000748000000|  0%| F|  |TAMS 0x0000000747f00000, 0x0000000747f00000| Untracked 
|  14|0x0000000748000000, 0x0000000748000000, 0x0000000748100000|  0%| F|  |TAMS 0x0000000748000000, 0x0000000748000000| Untracked 
|  15|0x0000000748100000, 0x0000000748100000, 0x0000000748200000|  0%| F|  |TAMS 0x0000000748100000, 0x0000000748100000| Untracked 
|  16|0x0000000748200000, 0x0000000748200000, 0x0000000748300000|  0%| F|  |TAMS 0x0000000748200000, 0x0000000748200000| Untracked 
|  17|0x0000000748300000, 0x0000000748300000, 0x0000000748400000|  0%| F|  |TAMS 0x0000000748300000, 0x0000000748300000| Untracked 
|  18|0x0000000748400000, 0x0000000748400000, 0x0000000748500000|  0%| F|  |TAMS 0x0000000748400000, 0x0000000748400000| Untracked 
|  19|0x0000000748500000, 0x0000000748500000, 0x0000000748600000|  0%| F|  |TAMS 0x0000000748500000, 0x0000000748500000| Untracked 
|  20|0x0000000748600000, 0x0000000748600000, 0x0000000748700000|  0%| F|  |TAMS 0x0000000748600000, 0x0000000748600000| Untracked 
|  21|0x0000000748700000, 0x0000000748700000, 0x0000000748800000|  0%| F|  |TAMS 0x0000000748700000, 0x0000000748700000| Untracked 
|  22|0x0000000748800000, 0x0000000748800000, 0x0000000748900000|  0%| F|  |TAMS 0x0000000748800000, 0x0000000748800000| Untracked 
|  23|0x0000000748900000, 0x0000000748900000, 0x0000000748a00000|  0%| F|  |TAMS 0x0000000748900000, 0x0000000748900000| Untracked 
|  24|0x0000000748a00000, 0x0000000748a00000, 0x0000000748b00000|  0%| F|  |TAMS 0x0000000748a00000, 0x0000000748a00000| Untracked 
|  25|0x0000000748b00000, 0x0000000748b00000, 0x0000000748c00000|  0%| F|  |TAMS 0x0000000748b00000, 0x0000000748b00000| Untracked 
|  26|0x0000000748c00000, 0x0000000748c00000, 0x0000000748d00000|  0%| F|  |TAMS 0x0000000748c00000, 0x0000000748c00000| Untracked 
|  27|0x0000000748d00000, 0x0000000748d00000, 0x0000000748e00000|  0%| F|  |TAMS 0x0000000748d00000, 0x0000000748d00000| Untracked 
|  28|0x0000000748e00000, 0x0000000748e00000, 0x0000000748f00000|  0%| F|  |TAMS 0x0000000748e00000, 0x0000000748e00000| Untracked 
|  29|0x0000000748f00000, 0x0000000748f00000, 0x0000000749000000|  0%| F|  |TAMS 0x0000000748f00000, 0x0000000748f00000| Untracked 
|  30|0x0000000749000000, 0x0000000749000000, 0x0000000749100000|  0%| F|  |TAMS 0x0000000749000000, 0x0000000749000000| Untracked 
|  31|0x0000000749100000, 0x0000000749100000, 0x0000000749200000|  0%| F|  |TAMS 0x0000000749100000, 0x0000000749100000| Untracked 
|  32|0x0000000749200000, 0x0000000749200000, 0x0000000749300000|  0%| F|  |TAMS 0x0000000749200000, 0x0000000749200000| Untracked 
|  33|0x0000000749300000, 0x0000000749300000, 0x0000000749400000|  0%| F|  |TAMS 0x0000000749300000, 0x0000000749300000| Untracked 
|  34|0x0000000749400000, 0x0000000749400000, 0x0000000749500000|  0%| F|  |TAMS 0x0000000749400000, 0x0000000749400000| Untracked 
|  35|0x0000000749500000, 0x0000000749500000, 0x0000000749600000|  0%| F|  |TAMS 0x0000000749500000, 0x0000000749500000| Untracked 
|  36|0x0000000749600000, 0x0000000749600000, 0x0000000749700000|  0%| F|  |TAMS 0x0000000749600000, 0x0000000749600000| Untracked 
|  37|0x0000000749700000, 0x0000000749700000, 0x0000000749800000|  0%| F|  |TAMS 0x0000000749700000, 0x0000000749700000| Untracked 
|  38|0x0000000749800000, 0x0000000749800000, 0x0000000749900000|  0%| F|  |TAMS 0x0000000749800000, 0x0000000749800000| Untracked 
|  39|0x0000000749900000, 0x0000000749900000, 0x0000000749a00000|  0%| F|  |TAMS 0x0000000749900000, 0x0000000749900000| Untracked 
|  40|0x0000000749a00000, 0x0000000749a00000, 0x0000000749b00000|  0%| F|  |TAMS 0x0000000749a00000, 0x0000000749a00000| Untracked 
|  41|0x0000000749b00000, 0x0000000749b00000, 0x0000000749c00000|  0%| F|  |TAMS 0x0000000749b00000, 0x0000000749b00000| Untracked 
|  42|0x0000000749c00000, 0x0000000749c00000, 0x0000000749d00000|  0%| F|  |TAMS 0x0000000749c00000, 0x0000000749c00000| Untracked 
|  43|0x0000000749d00000, 0x0000000749d00000, 0x0000000749e00000|  0%| F|  |TAMS 0x0000000749d00000, 0x0000000749d00000| Untracked 
|  44|0x0000000749e00000, 0x0000000749e00000, 0x0000000749f00000|  0%| F|  |TAMS 0x0000000749e00000, 0x0000000749e00000| Untracked 
|  45|0x0000000749f00000, 0x0000000749f00000, 0x000000074a000000|  0%| F|  |TAMS 0x0000000749f00000, 0x0000000749f00000| Untracked 
|  46|0x000000074a000000, 0x000000074a000000, 0x000000074a100000|  0%| F|  |TAMS 0x000000074a000000, 0x000000074a000000| Untracked 
|  47|0x000000074a100000, 0x000000074a100000, 0x000000074a200000|  0%| F|  |TAMS 0x000000074a100000, 0x000000074a100000| Untracked 
|  48|0x000000074a200000, 0x000000074a200000, 0x000000074a300000|  0%| F|  |TAMS 0x000000074a200000, 0x000000074a200000| Untracked 
|  49|0x000000074a300000, 0x000000074a300000, 0x000000074a400000|  0%| F|  |TAMS 0x000000074a300000, 0x000000074a300000| Untracked 
|  50|0x000000074a400000, 0x000000074a400000, 0x000000074a500000|  0%| F|  |TAMS 0x000000074a400000, 0x000000074a400000| Untracked 
|  51|0x000000074a500000, 0x000000074a500000, 0x000000074a600000|  0%| F|  |TAMS 0x000000074a500000, 0x000000074a500000| Untracked 
|  52|0x000000074a600000, 0x000000074a600000, 0x000000074a700000|  0%| F|  |TAMS 0x000000074a600000, 0x000000074a600000| Untracked 
|  53|0x000000074a700000, 0x000000074a700000, 0x000000074a800000|  0%| F|  |TAMS 0x000000074a700000, 0x000000074a700000| Untracked 
|  54|0x000000074a800000, 0x000000074a800000, 0x000000074a900000|  0%| F|  |TAMS 0x000000074a800000, 0x000000074a800000| Untracked 
|  55|0x000000074a900000, 0x000000074a900000, 0x000000074aa00000|  0%| F|  |TAMS 0x000000074a900000, 0x000000074a900000| Untracked 
|  56|0x000000074aa00000, 0x000000074aa00000, 0x000000074ab00000|  0%| F|  |TAMS 0x000000074aa00000, 0x000000074aa00000| Untracked 
|  57|0x000000074ab00000, 0x000000074ab00000, 0x000000074ac00000|  0%| F|  |TAMS 0x000000074ab00000, 0x000000074ab00000| Untracked 
|  58|0x000000074ac00000, 0x000000074ac00000, 0x000000074ad00000|  0%| F|  |TAMS 0x000000074ac00000, 0x000000074ac00000| Untracked 
|  59|0x000000074ad00000, 0x000000074ad00000, 0x000000074ae00000|  0%| F|  |TAMS 0x000000074ad00000, 0x000000074ad00000| Untracked 
|  60|0x000000074ae00000, 0x000000074ae00000, 0x000000074af00000|  0%| F|  |TAMS 0x000000074ae00000, 0x000000074ae00000| Untracked 
|  61|0x000000074af00000, 0x000000074af00000, 0x000000074b000000|  0%| F|  |TAMS 0x000000074af00000, 0x000000074af00000| Untracked 
|  62|0x000000074b000000, 0x000000074b000000, 0x000000074b100000|  0%| F|  |TAMS 0x000000074b000000, 0x000000074b000000| Untracked 
|  63|0x000000074b100000, 0x000000074b100000, 0x000000074b200000|  0%| F|  |TAMS 0x000000074b100000, 0x000000074b100000| Untracked 
|  64|0x000000074b200000, 0x000000074b200000, 0x000000074b300000|  0%| F|  |TAMS 0x000000074b200000, 0x000000074b200000| Untracked 
|  65|0x000000074b300000, 0x000000074b300000, 0x000000074b400000|  0%| F|  |TAMS 0x000000074b300000, 0x000000074b300000| Untracked 
|  66|0x000000074b400000, 0x000000074b400000, 0x000000074b500000|  0%| F|  |TAMS 0x000000074b400000, 0x000000074b400000| Untracked 
|  67|0x000000074b500000, 0x000000074b500000, 0x000000074b600000|  0%| F|  |TAMS 0x000000074b500000, 0x000000074b500000| Untracked 
|  68|0x000000074b600000, 0x000000074b600000, 0x000000074b700000|  0%| F|  |TAMS 0x000000074b600000, 0x000000074b600000| Untracked 
|  69|0x000000074b700000, 0x000000074b700000, 0x000000074b800000|  0%| F|  |TAMS 0x000000074b700000, 0x000000074b700000| Untracked 
|  70|0x000000074b800000, 0x000000074b800000, 0x000000074b900000|  0%| F|  |TAMS 0x000000074b800000, 0x000000074b800000| Untracked 
|  71|0x000000074b900000, 0x000000074b900000, 0x000000074ba00000|  0%| F|  |TAMS 0x000000074b900000, 0x000000074b900000| Untracked 
|  72|0x000000074ba00000, 0x000000074ba00000, 0x000000074bb00000|  0%| F|  |TAMS 0x000000074ba00000, 0x000000074ba00000| Untracked 
|  73|0x000000074bb00000, 0x000000074bb00000, 0x000000074bc00000|  0%| F|  |TAMS 0x000000074bb00000, 0x000000074bb00000| Untracked 
|  74|0x000000074bc00000, 0x000000074bc00000, 0x000000074bd00000|  0%| F|  |TAMS 0x000000074bc00000, 0x000000074bc00000| Untracked 
|  75|0x000000074bd00000, 0x000000074bd00000, 0x000000074be00000|  0%| F|  |TAMS 0x000000074bd00000, 0x000000074bd00000| Untracked 
|  76|0x000000074be00000, 0x000000074be5f4b0, 0x000000074bf00000| 37%| S|  |TAMS 0x000000074be00000, 0x000000074be00000| Complete 
|  77|0x000000074bf00000, 0x000000074c000000, 0x000000074c000000|100%| S|  |TAMS 0x000000074bf00000, 0x000000074bf00000| Complete 
|  78|0x000000074c000000, 0x000000074c100000, 0x000000074c100000|100%| S|  |TAMS 0x000000074c000000, 0x000000074c000000| Complete 
|  79|0x000000074c100000, 0x000000074c200000, 0x000000074c200000|100%| S|  |TAMS 0x000000074c100000, 0x000000074c100000| Complete 
|  80|0x000000074c200000, 0x000000074c300000, 0x000000074c300000|100%| S|  |TAMS 0x000000074c200000, 0x000000074c200000| Complete 
|  81|0x000000074c300000, 0x000000074c400000, 0x000000074c400000|100%| S|  |TAMS 0x000000074c300000, 0x000000074c300000| Complete 
|  82|0x000000074c400000, 0x000000074c500000, 0x000000074c500000|100%| S|  |TAMS 0x000000074c400000, 0x000000074c400000| Complete 
|  83|0x000000074c500000, 0x000000074c600000, 0x000000074c600000|100%| S|  |TAMS 0x000000074c500000, 0x000000074c500000| Complete 
|  84|0x000000074c600000, 0x000000074c700000, 0x000000074c700000|100%| S|  |TAMS 0x000000074c600000, 0x000000074c600000| Complete 
|  85|0x000000074c700000, 0x000000074c800000, 0x000000074c800000|100%| S|  |TAMS 0x000000074c700000, 0x000000074c700000| Complete 
|  86|0x000000074c800000, 0x000000074c900000, 0x000000074c900000|100%| S|  |TAMS 0x000000074c800000, 0x000000074c800000| Complete 
|  87|0x000000074c900000, 0x000000074ca00000, 0x000000074ca00000|100%| S|  |TAMS 0x000000074c900000, 0x000000074c900000| Complete 
|  88|0x000000074ca00000, 0x000000074cb00000, 0x000000074cb00000|100%| S|  |TAMS 0x000000074ca00000, 0x000000074ca00000| Complete 
|  89|0x000000074cb00000, 0x000000074cc00000, 0x000000074cc00000|100%| S|  |TAMS 0x000000074cb00000, 0x000000074cb00000| Complete 
|  90|0x000000074cc00000, 0x000000074cd00000, 0x000000074cd00000|100%| E|CS|TAMS 0x000000074cc00000, 0x000000074cc00000| Complete 
|  91|0x000000074cd00000, 0x000000074ce00000, 0x000000074ce00000|100%| E|CS|TAMS 0x000000074cd00000, 0x000000074cd00000| Complete 
|  92|0x000000074ce00000, 0x000000074cf00000, 0x000000074cf00000|100%| E|CS|TAMS 0x000000074ce00000, 0x000000074ce00000| Complete 
|  93|0x000000074cf00000, 0x000000074d000000, 0x000000074d000000|100%| E|CS|TAMS 0x000000074cf00000, 0x000000074cf00000| Complete 
|  94|0x000000074d000000, 0x000000074d100000, 0x000000074d100000|100%| E|CS|TAMS 0x000000074d000000, 0x000000074d000000| Complete 
|  95|0x000000074d100000, 0x000000074d200000, 0x000000074d200000|100%| E|CS|TAMS 0x000000074d100000, 0x000000074d100000| Complete 
|  96|0x000000074d200000, 0x000000074d300000, 0x000000074d300000|100%| E|CS|TAMS 0x000000074d200000, 0x000000074d200000| Complete 
|  97|0x000000074d300000, 0x000000074d400000, 0x000000074d400000|100%| E|CS|TAMS 0x000000074d300000, 0x000000074d300000| Complete 
|  98|0x000000074d400000, 0x000000074d500000, 0x000000074d500000|100%| E|CS|TAMS 0x000000074d400000, 0x000000074d400000| Complete 
|  99|0x000000074d500000, 0x000000074d600000, 0x000000074d600000|100%| E|CS|TAMS 0x000000074d500000, 0x000000074d500000| Complete 
| 100|0x000000074d600000, 0x000000074d700000, 0x000000074d700000|100%| E|CS|TAMS 0x000000074d600000, 0x000000074d600000| Complete 
| 101|0x000000074d700000, 0x000000074d800000, 0x000000074d800000|100%| E|CS|TAMS 0x000000074d700000, 0x000000074d700000| Complete 
| 102|0x000000074d800000, 0x000000074d900000, 0x000000074d900000|100%| E|CS|TAMS 0x000000074d800000, 0x000000074d800000| Complete 
| 103|0x000000074d900000, 0x000000074da00000, 0x000000074da00000|100%| E|CS|TAMS 0x000000074d900000, 0x000000074d900000| Complete 
| 104|0x000000074da00000, 0x000000074db00000, 0x000000074db00000|100%| E|CS|TAMS 0x000000074da00000, 0x000000074da00000| Complete 
| 105|0x000000074db00000, 0x000000074dc00000, 0x000000074dc00000|100%| E|CS|TAMS 0x000000074db00000, 0x000000074db00000| Complete 
| 106|0x000000074dc00000, 0x000000074dd00000, 0x000000074dd00000|100%| E|CS|TAMS 0x000000074dc00000, 0x000000074dc00000| Complete 
| 107|0x000000074dd00000, 0x000000074de00000, 0x000000074de00000|100%| E|CS|TAMS 0x000000074dd00000, 0x000000074dd00000| Complete 
| 108|0x000000074de00000, 0x000000074df00000, 0x000000074df00000|100%| E|CS|TAMS 0x000000074de00000, 0x000000074de00000| Complete 
| 109|0x000000074df00000, 0x000000074e000000, 0x000000074e000000|100%| E|CS|TAMS 0x000000074df00000, 0x000000074df00000| Complete 
| 110|0x000000074e000000, 0x000000074e100000, 0x000000074e100000|100%| E|CS|TAMS 0x000000074e000000, 0x000000074e000000| Complete 
| 111|0x000000074e100000, 0x000000074e200000, 0x000000074e200000|100%| E|CS|TAMS 0x000000074e100000, 0x000000074e100000| Complete 
| 112|0x000000074e200000, 0x000000074e300000, 0x000000074e300000|100%| E|CS|TAMS 0x000000074e200000, 0x000000074e200000| Complete 
| 113|0x000000074e300000, 0x000000074e400000, 0x000000074e400000|100%| E|CS|TAMS 0x000000074e300000, 0x000000074e300000| Complete 
| 114|0x000000074e400000, 0x000000074e500000, 0x000000074e500000|100%| E|CS|TAMS 0x000000074e400000, 0x000000074e400000| Complete 
| 115|0x000000074e500000, 0x000000074e600000, 0x000000074e600000|100%| E|CS|TAMS 0x000000074e500000, 0x000000074e500000| Complete 
| 116|0x000000074e600000, 0x000000074e700000, 0x000000074e700000|100%| E|CS|TAMS 0x000000074e600000, 0x000000074e600000| Complete 
| 117|0x000000074e700000, 0x000000074e800000, 0x000000074e800000|100%| E|CS|TAMS 0x000000074e700000, 0x000000074e700000| Complete 
| 118|0x000000074e800000, 0x000000074e900000, 0x000000074e900000|100%| E|CS|TAMS 0x000000074e800000, 0x000000074e800000| Complete 
| 119|0x000000074e900000, 0x000000074ea00000, 0x000000074ea00000|100%| E|CS|TAMS 0x000000074e900000, 0x000000074e900000| Complete 
| 120|0x000000074ea00000, 0x000000074eb00000, 0x000000074eb00000|100%| E|CS|TAMS 0x000000074ea00000, 0x000000074ea00000| Complete 
| 121|0x000000074eb00000, 0x000000074ec00000, 0x000000074ec00000|100%| E|CS|TAMS 0x000000074eb00000, 0x000000074eb00000| Complete 
| 122|0x000000074ec00000, 0x000000074ed00000, 0x000000074ed00000|100%| E|CS|TAMS 0x000000074ec00000, 0x000000074ec00000| Complete 
| 123|0x000000074ed00000, 0x000000074ee00000, 0x000000074ee00000|100%| E|CS|TAMS 0x000000074ed00000, 0x000000074ed00000| Complete 
| 124|0x000000074ee00000, 0x000000074ef00000, 0x000000074ef00000|100%| E|CS|TAMS 0x000000074ee00000, 0x000000074ee00000| Complete 
| 125|0x000000074ef00000, 0x000000074f000000, 0x000000074f000000|100%| E|CS|TAMS 0x000000074ef00000, 0x000000074ef00000| Complete 
| 126|0x000000074f000000, 0x000000074f100000, 0x000000074f100000|100%| E|CS|TAMS 0x000000074f000000, 0x000000074f000000| Complete 
| 127|0x000000074f100000, 0x000000074f200000, 0x000000074f200000|100%| E|CS|TAMS 0x000000074f100000, 0x000000074f100000| Complete 
| 128|0x000000074f200000, 0x000000074f300000, 0x000000074f300000|100%| E|CS|TAMS 0x000000074f200000, 0x000000074f200000| Complete 
| 129|0x000000074f300000, 0x000000074f400000, 0x000000074f400000|100%| E|CS|TAMS 0x000000074f300000, 0x000000074f300000| Complete 
| 130|0x000000074f400000, 0x000000074f500000, 0x000000074f500000|100%| E|CS|TAMS 0x000000074f400000, 0x000000074f400000| Complete 
| 131|0x000000074f500000, 0x000000074f600000, 0x000000074f600000|100%| E|CS|TAMS 0x000000074f500000, 0x000000074f500000| Complete 
| 132|0x000000074f600000, 0x000000074f700000, 0x000000074f700000|100%| E|CS|TAMS 0x000000074f600000, 0x000000074f600000| Complete 
| 133|0x000000074f700000, 0x000000074f800000, 0x000000074f800000|100%| E|CS|TAMS 0x000000074f700000, 0x000000074f700000| Complete 
| 134|0x000000074f800000, 0x000000074f900000, 0x000000074f900000|100%| E|CS|TAMS 0x000000074f800000, 0x000000074f800000| Complete 
| 135|0x000000074f900000, 0x000000074fa00000, 0x000000074fa00000|100%| E|CS|TAMS 0x000000074f900000, 0x000000074f900000| Complete 
| 136|0x000000074fa00000, 0x000000074fb00000, 0x000000074fb00000|100%| E|CS|TAMS 0x000000074fa00000, 0x000000074fa00000| Complete 
| 137|0x000000074fb00000, 0x000000074fc00000, 0x000000074fc00000|100%| E|CS|TAMS 0x000000074fb00000, 0x000000074fb00000| Complete 
| 138|0x000000074fc00000, 0x000000074fd00000, 0x000000074fd00000|100%| E|CS|TAMS 0x000000074fc00000, 0x000000074fc00000| Complete 
| 139|0x000000074fd00000, 0x000000074fe00000, 0x000000074fe00000|100%| E|CS|TAMS 0x000000074fd00000, 0x000000074fd00000| Complete 
| 140|0x000000074fe00000, 0x000000074ff00000, 0x000000074ff00000|100%| E|CS|TAMS 0x000000074fe00000, 0x000000074fe00000| Complete 
| 141|0x000000074ff00000, 0x0000000750000000, 0x0000000750000000|100%| E|CS|TAMS 0x000000074ff00000, 0x000000074ff00000| Complete 
| 142|0x0000000750000000, 0x0000000750100000, 0x0000000750100000|100%| E|CS|TAMS 0x0000000750000000, 0x0000000750000000| Complete 
| 143|0x0000000750100000, 0x0000000750200000, 0x0000000750200000|100%| E|CS|TAMS 0x0000000750100000, 0x0000000750100000| Complete 
| 144|0x0000000750200000, 0x0000000750300000, 0x0000000750300000|100%| E|CS|TAMS 0x0000000750200000, 0x0000000750200000| Complete 
| 145|0x0000000750300000, 0x0000000750400000, 0x0000000750400000|100%| E|CS|TAMS 0x0000000750300000, 0x0000000750300000| Complete 
| 146|0x0000000750400000, 0x0000000750500000, 0x0000000750500000|100%| E|CS|TAMS 0x0000000750400000, 0x0000000750400000| Complete 
| 147|0x0000000750500000, 0x0000000750600000, 0x0000000750600000|100%| E|CS|TAMS 0x0000000750500000, 0x0000000750500000| Complete 
| 148|0x0000000750600000, 0x0000000750700000, 0x0000000750700000|100%| E|CS|TAMS 0x0000000750600000, 0x0000000750600000| Complete 
| 149|0x0000000750700000, 0x0000000750800000, 0x0000000750800000|100%| E|CS|TAMS 0x0000000750700000, 0x0000000750700000| Complete 
| 150|0x0000000750800000, 0x0000000750900000, 0x0000000750900000|100%| E|CS|TAMS 0x0000000750800000, 0x0000000750800000| Complete 
| 151|0x0000000750900000, 0x0000000750a00000, 0x0000000750a00000|100%| E|CS|TAMS 0x0000000750900000, 0x0000000750900000| Complete 
| 152|0x0000000750a00000, 0x0000000750b00000, 0x0000000750b00000|100%| E|CS|TAMS 0x0000000750a00000, 0x0000000750a00000| Complete 
| 153|0x0000000750b00000, 0x0000000750c00000, 0x0000000750c00000|100%| E|CS|TAMS 0x0000000750b00000, 0x0000000750b00000| Complete 
| 154|0x0000000750c00000, 0x0000000750d00000, 0x0000000750d00000|100%| E|CS|TAMS 0x0000000750c00000, 0x0000000750c00000| Complete 
| 155|0x0000000750d00000, 0x0000000750e00000, 0x0000000750e00000|100%| E|CS|TAMS 0x0000000750d00000, 0x0000000750d00000| Complete 
| 156|0x0000000750e00000, 0x0000000750f00000, 0x0000000750f00000|100%| E|CS|TAMS 0x0000000750e00000, 0x0000000750e00000| Complete 
| 157|0x0000000750f00000, 0x0000000751000000, 0x0000000751000000|100%| E|CS|TAMS 0x0000000750f00000, 0x0000000750f00000| Complete 
| 158|0x0000000751000000, 0x0000000751100000, 0x0000000751100000|100%| E|CS|TAMS 0x0000000751000000, 0x0000000751000000| Complete 
| 159|0x0000000751100000, 0x0000000751200000, 0x0000000751200000|100%| E|CS|TAMS 0x0000000751100000, 0x0000000751100000| Complete 
| 160|0x0000000751200000, 0x0000000751300000, 0x0000000751300000|100%| E|CS|TAMS 0x0000000751200000, 0x0000000751200000| Complete 
| 161|0x0000000751300000, 0x0000000751400000, 0x0000000751400000|100%| E|CS|TAMS 0x0000000751300000, 0x0000000751300000| Complete 
| 162|0x0000000751400000, 0x0000000751500000, 0x0000000751500000|100%| E|CS|TAMS 0x0000000751400000, 0x0000000751400000| Complete 
| 163|0x0000000751500000, 0x0000000751600000, 0x0000000751600000|100%| E|CS|TAMS 0x0000000751500000, 0x0000000751500000| Complete 
| 164|0x0000000751600000, 0x0000000751700000, 0x0000000751700000|100%| E|CS|TAMS 0x0000000751600000, 0x0000000751600000| Complete 
| 165|0x0000000751700000, 0x0000000751800000, 0x0000000751800000|100%| E|CS|TAMS 0x0000000751700000, 0x0000000751700000| Complete 
| 166|0x0000000751800000, 0x0000000751900000, 0x0000000751900000|100%| E|CS|TAMS 0x0000000751800000, 0x0000000751800000| Complete 
| 167|0x0000000751900000, 0x0000000751a00000, 0x0000000751a00000|100%| E|CS|TAMS 0x0000000751900000, 0x0000000751900000| Complete 
| 168|0x0000000751a00000, 0x0000000751b00000, 0x0000000751b00000|100%| E|CS|TAMS 0x0000000751a00000, 0x0000000751a00000| Complete 
| 169|0x0000000751b00000, 0x0000000751c00000, 0x0000000751c00000|100%| E|CS|TAMS 0x0000000751b00000, 0x0000000751b00000| Complete 
| 170|0x0000000751c00000, 0x0000000751d00000, 0x0000000751d00000|100%| E|CS|TAMS 0x0000000751c00000, 0x0000000751c00000| Complete 
| 171|0x0000000751d00000, 0x0000000751e00000, 0x0000000751e00000|100%| E|CS|TAMS 0x0000000751d00000, 0x0000000751d00000| Complete 
| 172|0x0000000751e00000, 0x0000000751f00000, 0x0000000751f00000|100%| E|CS|TAMS 0x0000000751e00000, 0x0000000751e00000| Complete 
| 173|0x0000000751f00000, 0x0000000752000000, 0x0000000752000000|100%| E|CS|TAMS 0x0000000751f00000, 0x0000000751f00000| Complete 
| 174|0x0000000752000000, 0x0000000752100000, 0x0000000752100000|100%| E|CS|TAMS 0x0000000752000000, 0x0000000752000000| Complete 
| 175|0x0000000752100000, 0x0000000752200000, 0x0000000752200000|100%| E|CS|TAMS 0x0000000752100000, 0x0000000752100000| Complete 
| 176|0x0000000752200000, 0x0000000752300000, 0x0000000752300000|100%| E|CS|TAMS 0x0000000752200000, 0x0000000752200000| Complete 
| 177|0x0000000752300000, 0x0000000752400000, 0x0000000752400000|100%| E|CS|TAMS 0x0000000752300000, 0x0000000752300000| Complete 
| 178|0x0000000752400000, 0x0000000752500000, 0x0000000752500000|100%| E|CS|TAMS 0x0000000752400000, 0x0000000752400000| Complete 
| 179|0x0000000752500000, 0x0000000752600000, 0x0000000752600000|100%| E|CS|TAMS 0x0000000752500000, 0x0000000752500000| Complete 
| 180|0x0000000752600000, 0x0000000752700000, 0x0000000752700000|100%| E|CS|TAMS 0x0000000752600000, 0x0000000752600000| Complete 
| 181|0x0000000752700000, 0x0000000752800000, 0x0000000752800000|100%| E|CS|TAMS 0x0000000752700000, 0x0000000752700000| Complete 
| 182|0x0000000752800000, 0x0000000752900000, 0x0000000752900000|100%| E|CS|TAMS 0x0000000752800000, 0x0000000752800000| Complete 
| 183|0x0000000752900000, 0x0000000752a00000, 0x0000000752a00000|100%| E|CS|TAMS 0x0000000752900000, 0x0000000752900000| Complete 
| 184|0x0000000752a00000, 0x0000000752b00000, 0x0000000752b00000|100%| E|CS|TAMS 0x0000000752a00000, 0x0000000752a00000| Complete 
| 185|0x0000000752b00000, 0x0000000752c00000, 0x0000000752c00000|100%| E|CS|TAMS 0x0000000752b00000, 0x0000000752b00000| Complete 
| 186|0x0000000752c00000, 0x0000000752d00000, 0x0000000752d00000|100%| E|CS|TAMS 0x0000000752c00000, 0x0000000752c00000| Complete 
| 187|0x0000000752d00000, 0x0000000752e00000, 0x0000000752e00000|100%| E|CS|TAMS 0x0000000752d00000, 0x0000000752d00000| Complete 
| 188|0x0000000752e00000, 0x0000000752f00000, 0x0000000752f00000|100%| E|CS|TAMS 0x0000000752e00000, 0x0000000752e00000| Complete 
| 189|0x0000000752f00000, 0x0000000753000000, 0x0000000753000000|100%| E|CS|TAMS 0x0000000752f00000, 0x0000000752f00000| Complete 
| 190|0x0000000753000000, 0x0000000753100000, 0x0000000753100000|100%| E|CS|TAMS 0x0000000753000000, 0x0000000753000000| Complete 
| 191|0x0000000753100000, 0x0000000753200000, 0x0000000753200000|100%| E|CS|TAMS 0x0000000753100000, 0x0000000753100000| Complete 
| 192|0x0000000753200000, 0x0000000753300000, 0x0000000753300000|100%| E|CS|TAMS 0x0000000753200000, 0x0000000753200000| Complete 
| 193|0x0000000753300000, 0x0000000753400000, 0x0000000753400000|100%| E|CS|TAMS 0x0000000753300000, 0x0000000753300000| Complete 
| 194|0x0000000753400000, 0x0000000753500000, 0x0000000753500000|100%| E|CS|TAMS 0x0000000753400000, 0x0000000753400000| Complete 
| 195|0x0000000753500000, 0x0000000753600000, 0x0000000753600000|100%| E|CS|TAMS 0x0000000753500000, 0x0000000753500000| Complete 
| 196|0x0000000753600000, 0x0000000753700000, 0x0000000753700000|100%| E|CS|TAMS 0x0000000753600000, 0x0000000753600000| Complete 
| 197|0x0000000753700000, 0x0000000753800000, 0x0000000753800000|100%| E|CS|TAMS 0x0000000753700000, 0x0000000753700000| Complete 
| 198|0x0000000753800000, 0x0000000753900000, 0x0000000753900000|100%| E|CS|TAMS 0x0000000753800000, 0x0000000753800000| Complete 
| 199|0x0000000753900000, 0x0000000753a00000, 0x0000000753a00000|100%| E|CS|TAMS 0x0000000753900000, 0x0000000753900000| Complete 
| 200|0x0000000753a00000, 0x0000000753b00000, 0x0000000753b00000|100%| E|CS|TAMS 0x0000000753a00000, 0x0000000753a00000| Complete 
| 201|0x0000000753b00000, 0x0000000753c00000, 0x0000000753c00000|100%| E|CS|TAMS 0x0000000753b00000, 0x0000000753b00000| Complete 
| 202|0x0000000753c00000, 0x0000000753d00000, 0x0000000753d00000|100%| E|CS|TAMS 0x0000000753c00000, 0x0000000753c00000| Complete 
| 203|0x0000000753d00000, 0x0000000753e00000, 0x0000000753e00000|100%| E|CS|TAMS 0x0000000753d00000, 0x0000000753d00000| Complete 
| 204|0x0000000753e00000, 0x0000000753f00000, 0x0000000753f00000|100%| E|CS|TAMS 0x0000000753e00000, 0x0000000753e00000| Complete 
| 205|0x0000000753f00000, 0x0000000754000000, 0x0000000754000000|100%| E|CS|TAMS 0x0000000753f00000, 0x0000000753f00000| Complete 
| 206|0x0000000754000000, 0x0000000754100000, 0x0000000754100000|100%| E|CS|TAMS 0x0000000754000000, 0x0000000754000000| Complete 
| 207|0x0000000754100000, 0x0000000754200000, 0x0000000754200000|100%| E|CS|TAMS 0x0000000754100000, 0x0000000754100000| Complete 
| 208|0x0000000754200000, 0x0000000754300000, 0x0000000754300000|100%| E|CS|TAMS 0x0000000754200000, 0x0000000754200000| Complete 
| 209|0x0000000754300000, 0x0000000754400000, 0x0000000754400000|100%| E|CS|TAMS 0x0000000754300000, 0x0000000754300000| Complete 
| 210|0x0000000754400000, 0x0000000754500000, 0x0000000754500000|100%| E|CS|TAMS 0x0000000754400000, 0x0000000754400000| Complete 
| 211|0x0000000754500000, 0x0000000754600000, 0x0000000754600000|100%| E|CS|TAMS 0x0000000754500000, 0x0000000754500000| Complete 
| 212|0x0000000754600000, 0x0000000754700000, 0x0000000754700000|100%| E|CS|TAMS 0x0000000754600000, 0x0000000754600000| Complete 
| 213|0x0000000754700000, 0x0000000754800000, 0x0000000754800000|100%| E|CS|TAMS 0x0000000754700000, 0x0000000754700000| Complete 
| 214|0x0000000754800000, 0x0000000754900000, 0x0000000754900000|100%| E|CS|TAMS 0x0000000754800000, 0x0000000754800000| Complete 
| 215|0x0000000754900000, 0x0000000754a00000, 0x0000000754a00000|100%| E|CS|TAMS 0x0000000754900000, 0x0000000754900000| Complete 
| 216|0x0000000754a00000, 0x0000000754b00000, 0x0000000754b00000|100%| E|CS|TAMS 0x0000000754a00000, 0x0000000754a00000| Complete 
| 217|0x0000000754b00000, 0x0000000754c00000, 0x0000000754c00000|100%| E|CS|TAMS 0x0000000754b00000, 0x0000000754b00000| Complete 
| 218|0x0000000754c00000, 0x0000000754d00000, 0x0000000754d00000|100%| E|CS|TAMS 0x0000000754c00000, 0x0000000754c00000| Complete 
| 219|0x0000000754d00000, 0x0000000754e00000, 0x0000000754e00000|100%| E|CS|TAMS 0x0000000754d00000, 0x0000000754d00000| Complete 
| 220|0x0000000754e00000, 0x0000000754f00000, 0x0000000754f00000|100%| E|CS|TAMS 0x0000000754e00000, 0x0000000754e00000| Complete 
| 221|0x0000000754f00000, 0x0000000755000000, 0x0000000755000000|100%| E|CS|TAMS 0x0000000754f00000, 0x0000000754f00000| Complete 
| 222|0x0000000755000000, 0x0000000755100000, 0x0000000755100000|100%| E|CS|TAMS 0x0000000755000000, 0x0000000755000000| Complete 
| 223|0x0000000755100000, 0x0000000755200000, 0x0000000755200000|100%| E|CS|TAMS 0x0000000755100000, 0x0000000755100000| Complete 

Card table byte_map: [0x00007f44e528f000,0x00007f44e5856000] _byte_map_base: 0x00007f44e1856000

Marking Bits (Prev, Next): (CMBitMap*) 0x00007f44e0076998, (CMBitMap*) 0x00007f44e00769d0
 Prev Bits: [0x00007f44c11c8000, 0x00007f44c4000000)
 Next Bits: [0x00007f44be390000, 0x00007f44c11c8000)

Polling page: 0x00007f44ea27b000

Metaspace:

Usage:
  Non-class:     42,97 MB capacity,    42,11 MB ( 98%) used,   723,66 KB (  2%) free+waste,   158,06 KB ( <1%) overhead. 
      Class:      6,64 MB capacity,     6,13 MB ( 92%) used,   453,27 KB (  7%) free+waste,    76,69 KB (  1%) overhead. 
       Both:     49,61 MB capacity,    48,23 MB ( 97%) used,     1,15 MB (  2%) free+waste,   234,75 KB ( <1%) overhead. 

Virtual space:
  Non-class space:       44,00 MB reserved,      43,25 MB ( 98%) committed 
      Class space:        1,00 GB reserved,       6,75 MB ( <1%) committed 
             Both:        1,04 GB reserved,      50,00 MB (  5%) committed 

Chunk freelists:
   Non-Class:  33,38 KB
       Class:  1,62 KB
        Both:  35,00 KB

CodeHeap 'non-profiled nmethods': size=238384Kb used=6805Kb max_used=6805Kb free=231578Kb
 bounds [0x00007f44c929b000, 0x00007f44c994b000, 0x00007f44d7b67000]
CodeHeap 'non-nmethods': size=7376Kb used=1234Kb max_used=1234Kb free=6141Kb
 bounds [0x00007f44c8b67000, 0x00007f44c8dd7000, 0x00007f44c929b000]
 total_blobs=4874 nmethods=4237 adapters=532
 compilation: enabled
              stopped_count=0, restarted_count=0
 full_count=0

Compilation events (10 events):
Event: 3,313 Thread 0x00007f44e01cc000 nmethod 4248 0x00007f44c993e790 code [0x00007f44c993e940, 0x00007f44c993eb38]
Event: 3,313 Thread 0x00007f44e01cc000 4249       1       java.lang.StringCoding::decode (112 bytes)
Event: 3,313 Thread 0x00007f44e01cc000 nmethod 4249 0x00007f44c993ec10 code [0x00007f44c993ee80, 0x00007f44c993f558]
Event: 3,313 Thread 0x00007f44e01cc000 4251       1       java.security.MessageDigest::isEqual (62 bytes)
Event: 3,314 Thread 0x00007f44e01cc000 nmethod 4251 0x00007f44c993f990 code [0x00007f44c993fb40, 0x00007f44c993fd10]
Event: 3,314 Thread 0x00007f44e01cc000 4250       1       javax.crypto.spec.SecretKeySpec::getFormat (3 bytes)
Event: 3,314 Thread 0x00007f44e01cc000 nmethod 4250 0x00007f44c993fe10 code [0x00007f44c993ffa0, 0x00007f44c99400b0]
Event: 3,314 Thread 0x00007f44e01cc000 4252       1       java.lang.Integer::compareTo (12 bytes)
Event: 3,314 Thread 0x00007f44e01cc000 nmethod 4252 0x00007f44c9940110 code [0x00007f44c99402a0, 0x00007f44c99403f0]
Event: 3,316 Thread 0x00007f44e01cc000 4253       1       sun.security.util.DisabledAlgorithmConstraints$KeySizeConstraint::permits (86 bytes)

GC Heap History (10 events):
Event: 0,956 GC heap after
{Heap after GC invocations=2 (full 0):
 garbage-first heap   total 190464K, used 8762K [0x0000000747200000, 0x0000000800000000)
  region size 1024K, 5 young (5120K), 5 survivors (5120K)
 Metaspace       used 19327K, capacity 19989K, committed 20224K, reserved 1067008K
  class space    used 2206K, capacity 2447K, committed 2560K, reserved 1048576K
}
Event: 1,007 GC heap before
{Heap before GC invocations=2 (full 0):
 garbage-first heap   total 190464K, used 16954K [0x0000000747200000, 0x0000000800000000)
  region size 1024K, 14 young (14336K), 5 survivors (5120K)
 Metaspace       used 20423K, capacity 21060K, committed 21248K, reserved 1067008K
  class space    used 2455K, capacity 2698K, committed 2816K, reserved 1048576K
}
Event: 1,012 GC heap after
{Heap after GC invocations=3 (full 0):
 garbage-first heap   total 190464K, used 9233K [0x0000000747200000, 0x0000000800000000)
  region size 1024K, 5 young (5120K), 5 survivors (5120K)
 Metaspace       used 20423K, capacity 21060K, committed 21248K, reserved 1067008K
  class space    used 2455K, capacity 2698K, committed 2816K, reserved 1048576K
}
Event: 1,307 GC heap before
{Heap before GC invocations=4 (full 0):
 garbage-first heap   total 190464K, used 82961K [0x0000000747200000, 0x0000000800000000)
  region size 1024K, 78 young (79872K), 5 survivors (5120K)
 Metaspace       used 26723K, capacity 27565K, committed 27648K, reserved 1073152K
  class space    used 3254K, capacity 3575K, committed 3584K, reserved 1048576K
}
Event: 1,314 GC heap after
{Heap after GC invocations=5 (full 0):
 garbage-first heap   total 190464K, used 10772K [0x0000000747200000, 0x0000000800000000)
  region size 1024K, 7 young (7168K), 7 survivors (7168K)
 Metaspace       used 26723K, capacity 27565K, committed 27648K, reserved 1073152K
  class space    used 3254K, capacity 3575K, committed 3584K, reserved 1048576K
}
Event: 2,308 GC heap before
{Heap before GC invocations=5 (full 0):
 garbage-first heap   total 190464K, used 102932K [0x0000000747200000, 0x0000000800000000)
  region size 1024K, 97 young (99328K), 7 survivors (7168K)
 Metaspace       used 34290K, capacity 35549K, committed 35840K, reserved 1081344K
  class space    used 4313K, capacity 4838K, committed 4864K, reserved 1048576K
}
Event: 2,319 GC heap after
{Heap after GC invocations=6 (full 0):
 garbage-first heap   total 229376K, used 15001K [0x0000000747200000, 0x0000000800000000)
  region size 1024K, 11 young (11264K), 11 survivors (11264K)
 Metaspace       used 34290K, capacity 35549K, committed 35840K, reserved 1081344K
  class space    used 4313K, capacity 4838K, committed 4864K, reserved 1048576K
}
Event: 2,343 GC heap before
{Heap before GC invocations=6 (full 0):
 garbage-first heap   total 229376K, used 49817K [0x0000000747200000, 0x0000000800000000)
  region size 1024K, 47 young (48128K), 11 survivors (11264K)
 Metaspace       used 34314K, capacity 35565K, committed 35840K, reserved 1081344K
  class space    used 4318K, capacity 4843K, committed 4864K, reserved 1048576K
}
Event: 2,353 GC heap after
{Heap after GC invocations=7 (full 0):
 garbage-first heap   total 229376K, used 15255K [0x0000000747200000, 0x0000000800000000)
  region size 1024K, 8 young (8192K), 8 survivors (8192K)
 Metaspace       used 34314K, capacity 35565K, committed 35840K, reserved 1081344K
  class space    used 4318K, capacity 4843K, committed 4864K, reserved 1048576K
}
Event: 3,316 GC heap before
{Heap before GC invocations=8 (full 0):
 garbage-first heap   total 229376K, used 143255K [0x0000000747200000, 0x0000000800000000)
  region size 1024K, 134 young (137216K), 8 survivors (8192K)
 Metaspace       used 49392K, capacity 50804K, committed 51200K, reserved 1093632K
  class space    used 6273K, capacity 6803K, committed 6912K, reserved 1048576K
}

Deoptimization events (0 events):
No events

Classes redefined (0 events):
No events

Internal exceptions (10 events):
Event: 2,488 Thread 0x00007f4454003000 Implicit null exception at 0x00007f44c961f575 to 0x00007f44c961f8d7
Event: 2,488 Thread 0x00007f4454003000 Exception <a 'java/lang/NullPointerException'{0x0000000751862dd0}> (0x0000000751862dd0) thrown at [./open/src/hotspot/share/runtime/sharedRuntime.cpp, line 584]
Event: 2,488 Thread 0x00007f4454003000 Implicit null exception at 0x00007f44c961f575 to 0x00007f44c961f8d7
Event: 2,488 Thread 0x00007f4454003000 Exception <a 'java/lang/NullPointerException'{0x0000000751863c60}> (0x0000000751863c60) thrown at [./open/src/hotspot/share/runtime/sharedRuntime.cpp, line 584]
Event: 2,489 Thread 0x00007f4454003000 Implicit null exception at 0x00007f44c961f575 to 0x00007f44c961f8d7
Event: 2,489 Thread 0x00007f4454003000 Exception <a 'java/lang/NullPointerException'{0x0000000751864ae8}> (0x0000000751864ae8) thrown at [./open/src/hotspot/share/runtime/sharedRuntime.cpp, line 584]
Event: 2,623 Thread 0x00007f4480001800 Exception <a 'java/lang/reflect/InvocationTargetException'{0x0000000750901df8}> (0x0000000750901df8) thrown at [./open/src/hotspot/share/runtime/reflection.cpp, line 1242]
Event: 2,930 Thread 0x00007f4454003000 Exception <a 'java/lang/NoSuchMethodError'{0x000000074ed4c680}: java.lang.invoke.DirectMethodHandle$Holder.invokeStaticInit(Ljava/lang/Object;Ljava/lang/Object;Ljava/lang/Object;Ljava/lang/Object;)I> (0x000000074ed4c680) thrown at [./open/src/hotspot/shar
Event: 3,126 Thread 0x00007f4480001800 Exception <a 'java/lang/reflect/InvocationTargetException'{0x0000000750905e30}> (0x0000000750905e30) thrown at [./open/src/hotspot/share/runtime/reflection.cpp, line 1242]
Event: 3,146 Thread 0x00007f4454003000 Exception <a 'java/lang/NoSuchMethodError'{0x000000074e315ab0}: java.lang.invoke.DirectMethodHandle$Holder.invokeStaticInit(Ljava/lang/Object;Ljava/lang/Object;Ljava/lang/Object;Ljava/lang/Object;)Ljava/lang/Object;> (0x000000074e315ab0) thrown at [./open

Events (10 events):
Event: 3,315 loading class org/hibernate/internal/CoreMessageLogger_$logger_pt done
Event: 3,315 loading class org/hibernate/event/internal/DefaultReplicateEventListener
Event: 3,315 loading class org/hibernate/event/internal/DefaultReplicateEventListener done
Event: 3,315 loading class org/hibernate/internal/CoreMessageLogger_$logger_pt_BR
Event: 3,315 loading class org/hibernate/internal/CoreMessageLogger_$logger_pt_BR done
Event: 3,316 loading class org/hibernate/internal/CoreMessageLogger_$logger_pt
Event: 3,316 loading class org/hibernate/internal/CoreMessageLogger_$logger_pt done
Event: 3,316 loading class org/hibernate/event/internal/DefaultSaveEventListener
Event: 3,316 loading class org/hibernate/event/internal/DefaultSaveEventListener done
Event: 3,316 Executing VM operation: G1CollectForAllocation


Dynamic libraries:
747200000-755200000 rw-p 00000000 00:00 0 
755200000-800000000 ---p 00000000 00:00 0 
800000000-8006c0000 rw-p 00000000 00:00 0 
8006c0000-840000000 ---p 00000000 00:00 0 
563cab8d2000-563cab8d3000 r-xp 00000000 08:01 7209265                    /usr/lib/jvm/jdk-11/bin/java
563cabad3000-563cabad4000 r--p 00001000 08:01 7209265                    /usr/lib/jvm/jdk-11/bin/java
563cabad4000-563cabad5000 rw-p 00002000 08:01 7209265                    /usr/lib/jvm/jdk-11/bin/java
563cacfac000-563cacfcd000 rw-p 00000000 00:00 0                          [heap]
7f4414000000-7f4414021000 rw-p 00000000 00:00 0 
7f4414021000-7f4418000000 ---p 00000000 00:00 0 
7f4418000000-7f4418021000 rw-p 00000000 00:00 0 
7f4418021000-7f441c000000 ---p 00000000 00:00 0 
7f441c000000-7f441c021000 rw-p 00000000 00:00 0 
7f441c021000-7f4420000000 ---p 00000000 00:00 0 
7f4420000000-7f4420021000 rw-p 00000000 00:00 0 
7f4420021000-7f4424000000 ---p 00000000 00:00 0 
7f4424000000-7f4424021000 rw-p 00000000 00:00 0 
7f4424021000-7f4428000000 ---p 00000000 00:00 0 
7f4428000000-7f4428021000 rw-p 00000000 00:00 0 
7f4428021000-7f442c000000 ---p 00000000 00:00 0 
7f442e90a000-7f442edf5000 rw-p 00000000 00:00 0 
7f442edf5000-7f442eeb5000 ---p 00000000 00:00 0 
7f442eeb5000-7f442eeb9000 ---p 00000000 00:00 0 
7f442eeb9000-7f442efb6000 rw-p 00000000 00:00 0 
7f442efb6000-7f442efba000 ---p 00000000 00:00 0 
7f442efba000-7f442f2b7000 rw-p 00000000 00:00 0 
7f442f2b7000-7f442f4b7000 rw-p 00000000 00:00 0 
7f442f4b7000-7f442f4f7000 r-xp 00000000 08:01 7471368                    /usr/lib/jvm/jdk-11/lib/libsunec.so
7f442f4f7000-7f442f6f6000 ---p 00040000 08:01 7471368                    /usr/lib/jvm/jdk-11/lib/libsunec.so
7f442f6f6000-7f442f6fb000 r--p 0003f000 08:01 7471368                    /usr/lib/jvm/jdk-11/lib/libsunec.so
7f442f6fb000-7f442f6fd000 rw-p 00044000 08:01 7471368                    /usr/lib/jvm/jdk-11/lib/libsunec.so
7f442f6fd000-7f442f8fd000 rw-p 00000000 00:00 0 
7f442f8fd000-7f442fafd000 rw-p 00000000 00:00 0 
7f442fafd000-7f442fcfd000 rw-p 00000000 00:00 0 
7f442fcfd000-7f442fd01000 ---p 00000000 00:00 0 
7f442fd01000-7f442fdfe000 rw-p 00000000 00:00 0 
7f442fdfe000-7f442fe02000 ---p 00000000 00:00 0 
7f442fe02000-7f442feff000 rw-p 00000000 00:00 0 
7f442feff000-7f442ff03000 ---p 00000000 00:00 0 
7f442ff03000-7f4430000000 rw-p 00000000 00:00 0 
7f4430000000-7f4430021000 rw-p 00000000 00:00 0 
7f4430021000-7f4434000000 ---p 00000000 00:00 0 
7f4434000000-7f4434021000 rw-p 00000000 00:00 0 
7f4434021000-7f4438000000 ---p 00000000 00:00 0 
7f4438000000-7f4438021000 rw-p 00000000 00:00 0 
7f4438021000-7f443c000000 ---p 00000000 00:00 0 
7f443c000000-7f443c021000 rw-p 00000000 00:00 0 
7f443c021000-7f4440000000 ---p 00000000 00:00 0 
7f4440000000-7f4440021000 rw-p 00000000 00:00 0 
7f4440021000-7f4444000000 ---p 00000000 00:00 0 
7f4444000000-7f44442bc000 rw-p 00000000 00:00 0 
7f44442bc000-7f4448000000 ---p 00000000 00:00 0 
7f4448000000-7f4448c2c000 rw-p 00000000 00:00 0 
7f4448c2c000-7f444c000000 ---p 00000000 00:00 0 
7f444c000000-7f444c021000 rw-p 00000000 00:00 0 
7f444c021000-7f4450000000 ---p 00000000 00:00 0 
7f4450000000-7f4450021000 rw-p 00000000 00:00 0 
7f4450021000-7f4454000000 ---p 00000000 00:00 0 
7f4454000000-7f4454021000 rw-p 00000000 00:00 0 
7f4454021000-7f4458000000 ---p 00000000 00:00 0 
7f4458000000-7f4458021000 rw-p 00000000 00:00 0 
7f4458021000-7f445c000000 ---p 00000000 00:00 0 
7f445c000000-7f445c021000 rw-p 00000000 00:00 0 
7f445c021000-7f4460000000 ---p 00000000 00:00 0 
7f4460000000-7f4460029000 rw-p 00000000 00:00 0 
7f4460029000-7f4464000000 ---p 00000000 00:00 0 
7f4464000000-7f4464021000 rw-p 00000000 00:00 0 
7f4464021000-7f4468000000 ---p 00000000 00:00 0 
7f4468000000-7f4468021000 rw-p 00000000 00:00 0 
7f4468021000-7f446c000000 ---p 00000000 00:00 0 
7f446c000000-7f446c021000 rw-p 00000000 00:00 0 
7f446c021000-7f4470000000 ---p 00000000 00:00 0 
7f4470000000-7f4470021000 rw-p 00000000 00:00 0 
7f4470021000-7f4474000000 ---p 00000000 00:00 0 
7f4474000000-7f4474034000 rw-p 00000000 00:00 0 
7f4474034000-7f4478000000 ---p 00000000 00:00 0 
7f4478000000-7f4478021000 rw-p 00000000 00:00 0 
7f4478021000-7f447c000000 ---p 00000000 00:00 0 
7f447c000000-7f447c021000 rw-p 00000000 00:00 0 
7f447c021000-7f4480000000 ---p 00000000 00:00 0 
7f4480000000-7f4480021000 rw-p 00000000 00:00 0 
7f4480021000-7f4484000000 ---p 00000000 00:00 0 
7f4484000000-7f4484021000 rw-p 00000000 00:00 0 
7f4484021000-7f4488000000 ---p 00000000 00:00 0 
7f4488000000-7f4488021000 rw-p 00000000 00:00 0 
7f4488021000-7f448c000000 ---p 00000000 00:00 0 
7f448c000000-7f448c021000 rw-p 00000000 00:00 0 
7f448c021000-7f4490000000 ---p 00000000 00:00 0 
7f4490000000-7f449043a000 rw-p 00000000 00:00 0 
7f449043a000-7f4494000000 ---p 00000000 00:00 0 
7f4494000000-7f4494021000 rw-p 00000000 00:00 0 
7f4494021000-7f4498000000 ---p 00000000 00:00 0 
7f4498000000-7f4498021000 rw-p 00000000 00:00 0 
7f4498021000-7f449c000000 ---p 00000000 00:00 0 
7f449c0c5000-7f449c2c5000 rw-p 00000000 00:00 0 
7f449c2c5000-7f449c4c5000 rw-p 00000000 00:00 0 
7f449c4c5000-7f449c6c5000 rw-p 00000000 00:00 0 
7f449c6c5000-7f449c8c5000 rw-p 00000000 00:00 0 
7f449c8c5000-7f449cac5000 rw-p 00000000 00:00 0 
7f449cac5000-7f449ccc5000 rw-p 00000000 00:00 0 
7f449ccc5000-7f449ccc6000 ---p 00000000 00:00 0 
7f449ccc6000-7f449cfc7000 rw-p 00000000 00:00 0 
7f449cfc7000-7f449cfc8000 ---p 00000000 00:00 0 
7f449cfc8000-7f449d0c9000 rw-p 00000000 00:00 0 
7f449d0c9000-7f449d0ca000 ---p 00000000 00:00 0 
7f449d0ca000-7f449d1cb000 rw-p 00000000 00:00 0 
7f449d1cb000-7f449d1cc000 ---p 00000000 00:00 0 
7f449d1cc000-7f449d2cd000 rw-p 00000000 00:00 0 
7f449d2cd000-7f449d2ce000 ---p 00000000 00:00 0 
7f449d2ce000-7f449d5cf000 rw-p 00000000 00:00 0 
7f449d5cf000-7f449d5d3000 ---p 00000000 00:00 0 
7f449d5d3000-7f449d8d0000 rw-p 00000000 00:00 0 
7f449d8d0000-7f449d8d4000 ---p 00000000 00:00 0 
7f449d8d4000-7f449d9d1000 rw-p 00000000 00:00 0 
7f449d9d1000-7f449d9d5000 ---p 00000000 00:00 0 
7f449d9d5000-7f449dad2000 rw-p 00000000 00:00 0 
7f449dad2000-7f449dad6000 ---p 00000000 00:00 0 
7f449dad6000-7f449dbd3000 rw-p 00000000 00:00 0 
7f449dbd3000-7f449dbd7000 ---p 00000000 00:00 0 
7f449dbd7000-7f449dcd4000 rw-p 00000000 00:00 0 
7f449dcd4000-7f449dcd5000 ---p 00000000 00:00 0 
7f449dcd5000-7f449ddd6000 rw-p 00000000 00:00 0 
7f449ddd6000-7f449ddd7000 ---p 00000000 00:00 0 
7f449ddd7000-7f449ded8000 rw-p 00000000 00:00 0 
7f449ded8000-7f449ded9000 ---p 00000000 00:00 0 
7f449ded9000-7f449dfda000 rw-p 00000000 00:00 0 
7f449dfda000-7f449dfdb000 ---p 00000000 00:00 0 
7f449dfdb000-7f449e0dc000 rw-p 00000000 00:00 0 
7f449e0dc000-7f449e0e0000 ---p 00000000 00:00 0 
7f449e0e0000-7f449e3dd000 rw-p 00000000 00:00 0 
7f449e3dd000-7f449e3e1000 ---p 00000000 00:00 0 
7f449e3e1000-7f449e4de000 rw-p 00000000 00:00 0 
7f449e4de000-7f449e4e2000 ---p 00000000 00:00 0 
7f449e4e2000-7f449e5df000 rw-p 00000000 00:00 0 
7f449e5df000-7f449e5e3000 ---p 00000000 00:00 0 
7f449e5e3000-7f449e6e0000 rw-p 00000000 00:00 0 
7f449e6e0000-7f449e6e4000 ---p 00000000 00:00 0 
7f449e6e4000-7f449e7e1000 rw-p 00000000 00:00 0 
7f449e7e1000-7f449e7e2000 ---p 00000000 00:00 0 
7f449e7e2000-7f449e8e3000 rw-p 00000000 00:00 0 
7f449e8e3000-7f449e8e7000 ---p 00000000 00:00 0 
7f449e8e7000-7f449ebe4000 rw-p 00000000 00:00 0 
7f449ebe4000-7f449ebe8000 ---p 00000000 00:00 0 
7f449ebe8000-7f449ece5000 rw-p 00000000 00:00 0 
7f449ece5000-7f449ece9000 ---p 00000000 00:00 0 
7f449ece9000-7f449ede6000 rw-p 00000000 00:00 0 
7f449ede6000-7f449ede8000 r-xp 00000000 08:01 7471342                    /usr/lib/jvm/jdk-11/lib/libextnet.so
7f449ede8000-7f449efe7000 ---p 00002000 08:01 7471342                    /usr/lib/jvm/jdk-11/lib/libextnet.so
7f449efe7000-7f449efe8000 r--p 00001000 08:01 7471342                    /usr/lib/jvm/jdk-11/lib/libextnet.so
7f449efe8000-7f449efe9000 rw-p 00002000 08:01 7471342                    /usr/lib/jvm/jdk-11/lib/libextnet.so
7f449efe9000-7f449f1e9000 rw-p 00000000 00:00 0 
7f449f1e9000-7f449f1ee000 r-xp 00000000 08:01 7471359                    /usr/lib/jvm/jdk-11/lib/libmanagement_ext.so
7f449f1ee000-7f449f3ed000 ---p 00005000 08:01 7471359                    /usr/lib/jvm/jdk-11/lib/libmanagement_ext.so
7f449f3ed000-7f449f3ee000 r--p 00004000 08:01 7471359                    /usr/lib/jvm/jdk-11/lib/libmanagement_ext.so
7f449f3ee000-7f449f3ef000 rw-p 00005000 08:01 7471359                    /usr/lib/jvm/jdk-11/lib/libmanagement_ext.so
7f449f3ef000-7f449f3f3000 r-xp 00000000 08:01 7471357                    /usr/lib/jvm/jdk-11/lib/libmanagement.so
7f449f3f3000-7f449f5f2000 ---p 00004000 08:01 7471357                    /usr/lib/jvm/jdk-11/lib/libmanagement.so
7f449f5f2000-7f449f5f3000 r--p 00003000 08:01 7471357                    /usr/lib/jvm/jdk-11/lib/libmanagement.so
7f449f5f3000-7f449f5f4000 rw-p 00004000 08:01 7471357                    /usr/lib/jvm/jdk-11/lib/libmanagement.so
7f449f5f4000-7f449f60b000 r-xp 00000000 08:01 7471361                    /usr/lib/jvm/jdk-11/lib/libnet.so
7f449f60b000-7f449f80a000 ---p 00017000 08:01 7471361                    /usr/lib/jvm/jdk-11/lib/libnet.so
7f449f80a000-7f449f80b000 r--p 00016000 08:01 7471361                    /usr/lib/jvm/jdk-11/lib/libnet.so
7f449f80b000-7f449f80c000 rw-p 00017000 08:01 7471361                    /usr/lib/jvm/jdk-11/lib/libnet.so
7f449f80c000-7f449f81c000 r-xp 00000000 08:01 7471362                    /usr/lib/jvm/jdk-11/lib/libnio.so
7f449f81c000-7f449fa1b000 ---p 00010000 08:01 7471362                    /usr/lib/jvm/jdk-11/lib/libnio.so
7f449fa1b000-7f449fa1c000 r--p 0000f000 08:01 7471362                    /usr/lib/jvm/jdk-11/lib/libnio.so
7f449fa1c000-7f449fa1d000 rw-p 00010000 08:01 7471362                    /usr/lib/jvm/jdk-11/lib/libnio.so
7f449fa1d000-7f449fa21000 ---p 00000000 00:00 0 
7f449fa21000-7f449fb1e000 rw-p 00000000 00:00 0 
7f449fb1e000-7f449fb22000 ---p 00000000 00:00 0 
7f449fb22000-7f449fc1f000 rw-p 00000000 00:00 0 
7f449fc1f000-7f449fc23000 ---p 00000000 00:00 0 
7f449fc23000-7f449fd20000 rw-p 00000000 00:00 0 
7f449fd20000-7f44a0000000 r--p 00000000 08:01 9048113                    /usr/lib/locale/locale-archive
7f44a0000000-7f44a0021000 rw-p 00000000 00:00 0 
7f44a0021000-7f44a4000000 ---p 00000000 00:00 0 
7f44a4000000-7f44a4021000 rw-p 00000000 00:00 0 
7f44a4021000-7f44a8000000 ---p 00000000 00:00 0 
7f44a8000000-7f44a8021000 rw-p 00000000 00:00 0 
7f44a8021000-7f44ac000000 ---p 00000000 00:00 0 
7f44ac000000-7f44ac037000 rw-p 00000000 00:00 0 
7f44ac037000-7f44b0000000 ---p 00000000 00:00 0 
7f44b0000000-7f44b0021000 rw-p 00000000 00:00 0 
7f44b0021000-7f44b4000000 ---p 00000000 00:00 0 
7f44b4000000-7f44b4021000 rw-p 00000000 00:00 0 
7f44b4021000-7f44b8000000 ---p 00000000 00:00 0 
7f44b8000000-7f44b8021000 rw-p 00000000 00:00 0 
7f44b8021000-7f44bc000000 ---p 00000000 00:00 0 
7f44bc08d000-7f44bc091000 ---p 00000000 00:00 0 
7f44bc091000-7f44bc18e000 rw-p 00000000 00:00 0 
7f44bc18e000-7f44bc192000 ---p 00000000 00:00 0 
7f44bc192000-7f44bc28f000 rw-p 00000000 00:00 0 
7f44bc28f000-7f44bc293000 ---p 00000000 00:00 0 
7f44bc293000-7f44be710000 rw-p 00000000 00:00 0 
7f44be710000-7f44c11c8000 ---p 00000000 00:00 0 
7f44c11c8000-7f44c1548000 rw-p 00000000 00:00 0 
7f44c1548000-7f44c4000000 ---p 00000000 00:00 0 
7f44c4000000-7f44c4021000 rw-p 00000000 00:00 0 
7f44c4021000-7f44c8000000 ---p 00000000 00:00 0 
7f44c8062000-7f44c8088000 r--p 00000000 08:01 10752111                   /usr/share/locale-langpack/pt_BR/LC_MESSAGES/libc.mo
7f44c8088000-7f44c808c000 ---p 00000000 00:00 0 
7f44c808c000-7f44c8189000 rw-p 00000000 00:00 0 
7f44c8189000-7f44c818a000 ---p 00000000 00:00 0 
7f44c818a000-7f44c8b67000 rw-p 00000000 00:00 0 
7f44c8b67000-7f44c8dd7000 rwxp 00000000 00:00 0 
7f44c8dd7000-7f44c929b000 ---p 00000000 00:00 0 
7f44c929b000-7f44c994b000 rwxp 00000000 00:00 0 
7f44c994b000-7f44d7b67000 ---p 00000000 00:00 0 
7f44d7b67000-7f44e0000000 r--s 00000000 08:01 7471372                    /usr/lib/jvm/jdk-11/lib/modules
7f44e0000000-7f44e0904000 rw-p 00000000 00:00 0 
7f44e0904000-7f44e4000000 ---p 00000000 00:00 0 
7f44e401d000-7f44e40b8000 rw-p 00000000 00:00 0 
7f44e40b8000-7f44e40b9000 ---p 00000000 00:00 0 
7f44e40b9000-7f44e41ba000 rw-p 00000000 00:00 0 
7f44e41ba000-7f44e41bb000 ---p 00000000 00:00 0 
7f44e41bb000-7f44e4ac4000 rw-p 00000000 00:00 0 
7f44e4ac4000-7f44e4ac5000 ---p 00000000 00:00 0 
7f44e4ac5000-7f44e4bc6000 rw-p 00000000 00:00 0 
7f44e4bc6000-7f44e4bc7000 ---p 00000000 00:00 0 
7f44e4bc7000-7f44e4d38000 rw-p 00000000 00:00 0 
7f44e4d38000-7f44e528f000 ---p 00000000 00:00 0 
7f44e528f000-7f44e52ff000 rw-p 00000000 00:00 0 
7f44e52ff000-7f44e5856000 ---p 00000000 00:00 0 
7f44e5856000-7f44e58c6000 rw-p 00000000 00:00 0 
7f44e58c6000-7f44e5e1d000 ---p 00000000 00:00 0 
7f44e5e1d000-7f44e6625000 rw-p 00000000 00:00 0 
7f44e6625000-7f44e6626000 ---p 00000000 00:00 0 
7f44e6626000-7f44e6735000 rw-p 00000000 00:00 0 
7f44e6735000-7f44e68f9000 ---p 00000000 00:00 0 
7f44e68f9000-7f44e6900000 r-xp 00000000 08:01 7471371                    /usr/lib/jvm/jdk-11/lib/libzip.so
7f44e6900000-7f44e6aff000 ---p 00007000 08:01 7471371                    /usr/lib/jvm/jdk-11/lib/libzip.so
7f44e6aff000-7f44e6b00000 r--p 00006000 08:01 7471371                    /usr/lib/jvm/jdk-11/lib/libzip.so
7f44e6b00000-7f44e6b01000 rw-p 00007000 08:01 7471371                    /usr/lib/jvm/jdk-11/lib/libzip.so
7f44e6b01000-7f44e6b0c000 r-xp 00000000 08:01 29102946                   /lib/x86_64-linux-gnu/libnss_files-2.27.so
7f44e6b0c000-7f44e6d0b000 ---p 0000b000 08:01 29102946                   /lib/x86_64-linux-gnu/libnss_files-2.27.so
7f44e6d0b000-7f44e6d0c000 r--p 0000a000 08:01 29102946                   /lib/x86_64-linux-gnu/libnss_files-2.27.so
7f44e6d0c000-7f44e6d0d000 rw-p 0000b000 08:01 29102946                   /lib/x86_64-linux-gnu/libnss_files-2.27.so
7f44e6d0d000-7f44e6d13000 rw-p 00000000 00:00 0 
7f44e6d13000-7f44e6d2a000 r-xp 00000000 08:01 29102943                   /lib/x86_64-linux-gnu/libnsl-2.27.so
7f44e6d2a000-7f44e6f29000 ---p 00017000 08:01 29102943                   /lib/x86_64-linux-gnu/libnsl-2.27.so
7f44e6f29000-7f44e6f2a000 r--p 00016000 08:01 29102943                   /lib/x86_64-linux-gnu/libnsl-2.27.so
7f44e6f2a000-7f44e6f2b000 rw-p 00017000 08:01 29102943                   /lib/x86_64-linux-gnu/libnsl-2.27.so
7f44e6f2b000-7f44e6f2d000 rw-p 00000000 00:00 0 
7f44e6f2d000-7f44e6f38000 r-xp 00000000 08:01 29102948                   /lib/x86_64-linux-gnu/libnss_nis-2.27.so
7f44e6f38000-7f44e7137000 ---p 0000b000 08:01 29102948                   /lib/x86_64-linux-gnu/libnss_nis-2.27.so
7f44e7137000-7f44e7138000 r--p 0000a000 08:01 29102948                   /lib/x86_64-linux-gnu/libnss_nis-2.27.so
7f44e7138000-7f44e7139000 rw-p 0000b000 08:01 29102948                   /lib/x86_64-linux-gnu/libnss_nis-2.27.so
7f44e7139000-7f44e7141000 r-xp 00000000 08:01 29102944                   /lib/x86_64-linux-gnu/libnss_compat-2.27.so
7f44e7141000-7f44e7341000 ---p 00008000 08:01 29102944                   /lib/x86_64-linux-gnu/libnss_compat-2.27.so
7f44e7341000-7f44e7342000 r--p 00008000 08:01 29102944                   /lib/x86_64-linux-gnu/libnss_compat-2.27.so
7f44e7342000-7f44e7343000 rw-p 00009000 08:01 29102944                   /lib/x86_64-linux-gnu/libnss_compat-2.27.so
7f44e7343000-7f44e735e000 r-xp 00000000 08:01 7471353                    /usr/lib/jvm/jdk-11/lib/libjimage.so
7f44e735e000-7f44e755d000 ---p 0001b000 08:01 7471353                    /usr/lib/jvm/jdk-11/lib/libjimage.so
7f44e755d000-7f44e755f000 r--p 0001a000 08:01 7471353                    /usr/lib/jvm/jdk-11/lib/libjimage.so
7f44e755f000-7f44e7560000 rw-p 0001c000 08:01 7471353                    /usr/lib/jvm/jdk-11/lib/libjimage.so
7f44e7560000-7f44e7589000 r-xp 00000000 08:01 7471349                    /usr/lib/jvm/jdk-11/lib/libjava.so
7f44e7589000-7f44e7788000 ---p 00029000 08:01 7471349                    /usr/lib/jvm/jdk-11/lib/libjava.so
7f44e7788000-7f44e7789000 r--p 00028000 08:01 7471349                    /usr/lib/jvm/jdk-11/lib/libjava.so
7f44e7789000-7f44e778b000 rw-p 00029000 08:01 7471349                    /usr/lib/jvm/jdk-11/lib/libjava.so
7f44e778b000-7f44e7798000 r-xp 00000000 08:01 7471370                    /usr/lib/jvm/jdk-11/lib/libverify.so
7f44e7798000-7f44e7997000 ---p 0000d000 08:01 7471370                    /usr/lib/jvm/jdk-11/lib/libverify.so
7f44e7997000-7f44e7999000 r--p 0000c000 08:01 7471370                    /usr/lib/jvm/jdk-11/lib/libverify.so
7f44e7999000-7f44e799a000 rw-p 0000e000 08:01 7471370                    /usr/lib/jvm/jdk-11/lib/libverify.so
7f44e799a000-7f44e79a1000 r-xp 00000000 08:01 29102953                   /lib/x86_64-linux-gnu/librt-2.27.so
7f44e79a1000-7f44e7ba0000 ---p 00007000 08:01 29102953                   /lib/x86_64-linux-gnu/librt-2.27.so
7f44e7ba0000-7f44e7ba1000 r--p 00006000 08:01 29102953                   /lib/x86_64-linux-gnu/librt-2.27.so
7f44e7ba1000-7f44e7ba2000 rw-p 00007000 08:01 29102953                   /lib/x86_64-linux-gnu/librt-2.27.so
7f44e7ba2000-7f44e7d3f000 r-xp 00000000 08:01 29102930                   /lib/x86_64-linux-gnu/libm-2.27.so
7f44e7d3f000-7f44e7f3e000 ---p 0019d000 08:01 29102930                   /lib/x86_64-linux-gnu/libm-2.27.so
7f44e7f3e000-7f44e7f3f000 r--p 0019c000 08:01 29102930                   /lib/x86_64-linux-gnu/libm-2.27.so
7f44e7f3f000-7f44e7f40000 rw-p 0019d000 08:01 29102930                   /lib/x86_64-linux-gnu/libm-2.27.so
7f44e7f40000-7f44e90c5000 r-xp 00000000 08:01 7471383                    /usr/lib/jvm/jdk-11/lib/server/libjvm.so
7f44e90c5000-7f44e92c4000 ---p 01185000 08:01 7471383                    /usr/lib/jvm/jdk-11/lib/server/libjvm.so
7f44e92c4000-7f44e9383000 r--p 01184000 08:01 7471383                    /usr/lib/jvm/jdk-11/lib/server/libjvm.so
7f44e9383000-7f44e93bd000 rw-p 01243000 08:01 7471383                    /usr/lib/jvm/jdk-11/lib/server/libjvm.so
7f44e93bd000-7f44e9414000 rw-p 00000000 00:00 0 
7f44e9414000-7f44e95fb000 r-xp 00000000 08:01 29102920                   /lib/x86_64-linux-gnu/libc-2.27.so
7f44e95fb000-7f44e97fb000 ---p 001e7000 08:01 29102920                   /lib/x86_64-linux-gnu/libc-2.27.so
7f44e97fb000-7f44e97ff000 r--p 001e7000 08:01 29102920                   /lib/x86_64-linux-gnu/libc-2.27.so
7f44e97ff000-7f44e9801000 rw-p 001eb000 08:01 29102920                   /lib/x86_64-linux-gnu/libc-2.27.so
7f44e9801000-7f44e9805000 rw-p 00000000 00:00 0 
7f44e9805000-7f44e9808000 r-xp 00000000 08:01 29102924                   /lib/x86_64-linux-gnu/libdl-2.27.so
7f44e9808000-7f44e9a07000 ---p 00003000 08:01 29102924                   /lib/x86_64-linux-gnu/libdl-2.27.so
7f44e9a07000-7f44e9a08000 r--p 00002000 08:01 29102924                   /lib/x86_64-linux-gnu/libdl-2.27.so
7f44e9a08000-7f44e9a09000 rw-p 00003000 08:01 29102924                   /lib/x86_64-linux-gnu/libdl-2.27.so
7f44e9a09000-7f44e9a18000 r-xp 00000000 08:01 7471334                    /usr/lib/jvm/jdk-11/lib/jli/libjli.so
7f44e9a18000-7f44e9c18000 ---p 0000f000 08:01 7471334                    /usr/lib/jvm/jdk-11/lib/jli/libjli.so
7f44e9c18000-7f44e9c19000 r--p 0000f000 08:01 7471334                    /usr/lib/jvm/jdk-11/lib/jli/libjli.so
7f44e9c19000-7f44e9c1a000 rw-p 00010000 08:01 7471334                    /usr/lib/jvm/jdk-11/lib/jli/libjli.so
7f44e9c1a000-7f44e9c34000 r-xp 00000000 08:01 29102951                   /lib/x86_64-linux-gnu/libpthread-2.27.so
7f44e9c34000-7f44e9e33000 ---p 0001a000 08:01 29102951                   /lib/x86_64-linux-gnu/libpthread-2.27.so
7f44e9e33000-7f44e9e34000 r--p 00019000 08:01 29102951                   /lib/x86_64-linux-gnu/libpthread-2.27.so
7f44e9e34000-7f44e9e35000 rw-p 0001a000 08:01 29102951                   /lib/x86_64-linux-gnu/libpthread-2.27.so
7f44e9e35000-7f44e9e39000 rw-p 00000000 00:00 0 
7f44e9e39000-7f44e9e55000 r-xp 00000000 08:01 29102942                   /lib/x86_64-linux-gnu/libz.so.1.2.11
7f44e9e55000-7f44ea054000 ---p 0001c000 08:01 29102942                   /lib/x86_64-linux-gnu/libz.so.1.2.11
7f44ea054000-7f44ea055000 r--p 0001b000 08:01 29102942                   /lib/x86_64-linux-gnu/libz.so.1.2.11
7f44ea055000-7f44ea056000 rw-p 0001c000 08:01 29102942                   /lib/x86_64-linux-gnu/libz.so.1.2.11
7f44ea056000-7f44ea07d000 r-xp 00000000 08:01 29102678                   /lib/x86_64-linux-gnu/ld-2.27.so
7f44ea093000-7f44ea152000 rw-p 00000000 00:00 0 
7f44ea152000-7f44ea156000 ---p 00000000 00:00 0 
7f44ea156000-7f44ea257000 rw-p 00000000 00:00 0 
7f44ea25d000-7f44ea264000 r--s 00000000 08:01 9312876                    /usr/lib/x86_64-linux-gnu/gconv/gconv-modules.cache
7f44ea264000-7f44ea269000 rw-p 00000000 00:00 0 
7f44ea269000-7f44ea273000 ---p 00000000 00:00 0 
7f44ea273000-7f44ea27b000 rw-s 00000000 08:01 25056433                   /tmp/hsperfdata_antonio/406
7f44ea27b000-7f44ea27c000 ---p 00000000 00:00 0 
7f44ea27c000-7f44ea27d000 r--p 00000000 00:00 0 
7f44ea27d000-7f44ea27e000 r--p 00027000 08:01 29102678                   /lib/x86_64-linux-gnu/ld-2.27.so
7f44ea27e000-7f44ea27f000 rw-p 00028000 08:01 29102678                   /lib/x86_64-linux-gnu/ld-2.27.so
7f44ea27f000-7f44ea280000 rw-p 00000000 00:00 0 
7ffd743fb000-7ffd7441e000 rw-p 00000000 00:00 0                          [stack]
7ffd7447e000-7ffd74481000 r--p 00000000 00:00 0                          [vvar]
7ffd74481000-7ffd74482000 r-xp 00000000 00:00 0                          [vdso]
ffffffffff600000-ffffffffff601000 --xp 00000000 00:00 0                  [vsyscall]


VM Arguments:
jvm_args: -Dcom.sun.management.jmxremote -Dcom.sun.management.jmxremote.port=43153 -Dcom.sun.management.jmxremote.authenticate=false -Dcom.sun.management.jmxremote.ssl=false -Djava.rmi.server.hostname=localhost -Dspring.jmx.enabled=true -Dspring.application.admin.enabled=true -Djava.security.egd=file:/dev/./urandom -Xverify:none -XX:TieredStopAtLevel=1 -Dfile.encoding=UTF-8 
java_command: br.com.codigolivre.projetoapi.ProjetoApiApplication --spring.output.ansi.enabled=always
java_class_path (initial): /home/antonio/Documentos/aplicativos/desenvolvimento/projeto-api/target/classes:/home/antonio/.m2/repository/org/springframework/boot/spring-boot-starter-web/2.2.7.RELEASE/spring-boot-starter-web-2.2.7.RELEASE.jar:/home/antonio/.m2/repository/org/springframework/boot/spring-boot-starter/2.2.7.RELEASE/spring-boot-starter-2.2.7.RELEASE.jar:/home/antonio/.m2/repository/org/springframework/boot/spring-boot-starter-logging/2.2.7.RELEASE/spring-boot-starter-logging-2.2.7.RELEASE.jar:/home/antonio/.m2/repository/ch/qos/logback/logback-classic/1.2.3/logback-classic-1.2.3.jar:/home/antonio/.m2/repository/ch/qos/logback/logback-core/1.2.3/logback-core-1.2.3.jar:/home/antonio/.m2/repository/org/apache/logging/log4j/log4j-to-slf4j/2.12.1/log4j-to-slf4j-2.12.1.jar:/home/antonio/.m2/repository/org/apache/logging/log4j/log4j-api/2.12.1/log4j-api-2.12.1.jar:/home/antonio/.m2/repository/org/slf4j/jul-to-slf4j/1.7.30/jul-to-slf4j-1.7.30.jar:/home/antonio/.m2/repository/jakarta/annotation/jakarta.annotation-api/1.3.5/jakarta.annotation-api-1.3.5.jar:/home/antonio/.m2/repository/org/yaml/snakeyaml/1.25/snakeyaml-1.25.jar:/home/antonio/.m2/repository/org/springframework/boot/spring-boot-starter-json/2.2.7.RELEASE/spring-boot-starter-json-2.2.7.RELEASE.jar:/home/antonio/.m2/repository/com/fasterxml/jackson/core/jackson-databind/2.10.4/jackson-databind-2.10.4.jar:/home/antonio/.m2/repository/com/fasterxml/jackson/core/jackson-annotations/2.10.4/jackson-annotations-2.10.4.jar:/home/antonio/.m2/repository/com/fasterxml/jackson/core/jackson-core/2.10.4/jackson-core-2.10.4.jar:/home/antonio/.m2/repository/com/fasterxml/jackson/datatype/jackson-datatype-jdk8/2.10.4/jackson-datatype-jdk8-2.10.4.jar:/home/antonio/.m2/repository/com/fasterxml/jackson/datatype/jackson-datatype-jsr310/2.10.4/jackson-datatype-jsr310-2.10.4.jar:/home/antonio/.m2/repository/com/fasterxml/jackson/module/jackson-module-parameter-names/2.10.4/jackson-module-parameter-names-2.10.4.jar:/home/an
Launcher Type: SUN_STANDARD

[Global flags]
     bool BytecodeVerificationLocal                = false                                     {product} {command line}
     bool BytecodeVerificationRemote               = false                                     {product} {command line}
     intx CICompilerCount                          = 4                                         {product} {ergonomic}
     uint ConcGCThreads                            = 2                                         {product} {ergonomic}
     uint G1ConcRefinementThreads                  = 8                                         {product} {ergonomic}
   size_t G1HeapRegionSize                         = 1048576                                   {product} {ergonomic}
    uintx GCDrainStackTargetSize                   = 64                                        {product} {ergonomic}
   size_t InitialHeapSize                          = 195035136                                 {product} {ergonomic}
     bool ManagementServer                         = true                                      {product} {command line}
   size_t MarkStackSize                            = 4194304                                   {product} {ergonomic}
   size_t MaxHeapSize                              = 3101687808                                {product} {ergonomic}
   size_t MaxNewSize                               = 1860173824                                {product} {ergonomic}
   size_t MinHeapDeltaBytes                        = 1048576                                   {product} {ergonomic}
    uintx NonNMethodCodeHeapSize                   = 7549744                                {pd product} {ergonomic}
    uintx NonProfiledCodeHeapSize                  = 244108496                              {pd product} {ergonomic}
    uintx ProfiledCodeHeapSize                     = 0                                      {pd product} {ergonomic}
    uintx ReservedCodeCacheSize                    = 251658240                              {pd product} {ergonomic}
     bool SegmentedCodeCache                       = true                                      {product} {ergonomic}
     intx TieredStopAtLevel                        = 1                                         {product} {command line}
     bool UseCompressedClassPointers               = true                                 {lp64_product} {ergonomic}
     bool UseCompressedOops                        = true                                 {lp64_product} {ergonomic}
     bool UseG1GC                                  = true                                      {product} {ergonomic}

Logging:
Log output configuration:
 #0: stdout all=warning uptime,level,tags
 #1: stderr all=off uptime,level,tags

Environment Variables:
JAVA_HOME=/usr/lib/jvm/java-12-oracle
PATH=/opt/apache-maven/bin:/usr/local/sbin:/usr/local/bin:/usr/sbin:/usr/bin:/sbin:/bin:/usr/games:/usr/local/games;/usr/lib/jvm/jdk-11.0.7/bin:/snap/bin:/usr/lib/jvm/java-12-oracle/bin:/usr/lib/jvm/java-12-oracle/db/bin
USERNAME=antonio
SHELL=/bin/bash
DISPLAY=:0

Signal Handlers:
SIGSEGV: [libjvm.so+0xe75910], sa_mask[0]=11111111011111111101111111111110, sa_flags=SA_RESTART|SA_SIGINFO
SIGBUS: [libjvm.so+0xe75910], sa_mask[0]=11111111011111111101111111111110, sa_flags=SA_RESTART|SA_SIGINFO
SIGFPE: [libjvm.so+0xe75910], sa_mask[0]=11111111011111111101111111111110, sa_flags=SA_RESTART|SA_SIGINFO
SIGPIPE: [libjvm.so+0xc473a0], sa_mask[0]=11111111011111111101111111111110, sa_flags=SA_RESTART|SA_SIGINFO
SIGXFSZ: [libjvm.so+0xc473a0], sa_mask[0]=11111111011111111101111111111110, sa_flags=SA_RESTART|SA_SIGINFO
SIGILL: [libjvm.so+0xe75910], sa_mask[0]=11111111011111111101111111111110, sa_flags=SA_RESTART|SA_SIGINFO
SIGUSR2: [libjvm.so+0xc47240], sa_mask[0]=00100000000000000000000000000000, sa_flags=SA_RESTART|SA_SIGINFO
SIGHUP: [libjvm.so+0xc475a0], sa_mask[0]=11111111011111111101111111111110, sa_flags=SA_RESTART|SA_SIGINFO
SIGINT: [libjvm.so+0xc475a0], sa_mask[0]=11111111011111111101111111111110, sa_flags=SA_RESTART|SA_SIGINFO
SIGTERM: [libjvm.so+0xc475a0], sa_mask[0]=11111111011111111101111111111110, sa_flags=SA_RESTART|SA_SIGINFO
SIGQUIT: [libjvm.so+0xc475a0], sa_mask[0]=11111111011111111101111111111110, sa_flags=SA_RESTART|SA_SIGINFO


---------------  S Y S T E M  ---------------

OS:DISTRIB_ID=Ubuntu
DISTRIB_RELEASE=18.04
DISTRIB_CODENAME=bionic
DISTRIB_DESCRIPTION="Ubuntu 18.04.5 LTS"
uname:Linux 5.4.0-42-generic #46~18.04.1-Ubuntu SMP Fri Jul 10 07:21:24 UTC 2020 x86_64
libc:glibc 2.27 NPTL 2.27 
rlimit: STACK 8192k, CORE 0k, NPROC 47130, NOFILE 1048576, AS infinity, DATA infinity, FSIZE infinity
load average:0,81 0,76 0,88

/proc/meminfo:
MemTotal:       12113256 kB
MemFree:         2681016 kB
MemAvailable:    5794424 kB
Buffers:          324572 kB
Cached:          3431112 kB
SwapCached:            0 kB
Active:          6605740 kB
Inactive:        2120520 kB
Active(anon):    5202268 kB
Inactive(anon):   263788 kB
Active(file):    1403472 kB
Inactive(file):  1856732 kB
Unevictable:      235516 kB
Mlocked:             200 kB
SwapTotal:       2097148 kB
SwapFree:        2097148 kB
Dirty:               556 kB
Writeback:             0 kB
AnonPages:       5206796 kB
Mapped:          1040248 kB
Shmem:            502352 kB
KReclaimable:     173584 kB
Slab:             283768 kB
SReclaimable:     173584 kB
SUnreclaim:       110184 kB
KernelStack:       24928 kB
PageTables:        94400 kB
NFS_Unstable:          0 kB
Bounce:                0 kB
WritebackTmp:          0 kB
CommitLimit:     8153776 kB
Committed_AS:   15436616 kB
VmallocTotal:   34359738367 kB
VmallocUsed:       38504 kB
VmallocChunk:          0 kB
Percpu:             3168 kB
HardwareCorrupted:     0 kB
AnonHugePages:         0 kB
ShmemHugePages:        0 kB
ShmemPmdMapped:        0 kB
FileHugePages:         0 kB
FilePmdMapped:         0 kB
CmaTotal:              0 kB
CmaFree:               0 kB
HugePages_Total:       0
HugePages_Free:        0
HugePages_Rsvd:        0
HugePages_Surp:        0
Hugepagesize:       2048 kB
Hugetlb:               0 kB
DirectMap4k:      367512 kB
DirectMap2M:    12058624 kB


/proc/sys/kernel/threads-max (system-wide limit on the number of threads):
94261


/proc/sys/vm/max_map_count (maximum number of memory map areas a process may have):
65530


/proc/sys/kernel/pid_max (system-wide limit on number of process identifiers):
32768



container (cgroup) information:
container_type: cgroupv1
cpu_cpuset_cpus: 0-7
cpu_memory_nodes: 0
active_processor_count: 8
cpu_quota: -1
cpu_period: 100000
cpu_shares: -1
memory_limit_in_bytes: -1
memory_and_swap_limit_in_bytes: -2
memory_soft_limit_in_bytes: -1
memory_usage_in_bytes: 9177636864
memory_max_usage_in_bytes: 0


CPU:total 8 (initial active 8) (4 cores per cpu, 2 threads per core) family 6 model 42 stepping 7, cmov, cx8, fxsr, mmx, sse, sse2, sse3, ssse3, sse4.1, sse4.2, popcnt, avx, aes, clmul, ht, tsc, tscinvbit
CPU Model and flags from /proc/cpuinfo:
model name	: Intel(R) Core(TM) i7-2630QM CPU @ 2.00GHz
flags		: fpu vme de pse tsc msr pae mce cx8 apic sep mtrr pge mca cmov pat pse36 clflush dts acpi mmx fxsr sse sse2 ht tm pbe syscall nx rdtscp lm constant_tsc arch_perfmon pebs bts rep_good nopl xtopology nonstop_tsc cpuid aperfmperf pni pclmulqdq dtes64 monitor ds_cpl vmx est tm2 ssse3 cx16 xtpr pdcm pcid sse4_1 sse4_2 x2apic popcnt tsc_deadline_timer aes xsave avx lahf_lm epb pti ssbd ibrs ibpb stibp tpr_shadow vnmi flexpriority ept vpid xsaveopt dtherm ida arat pln pts md_clear flush_l1d

Memory: 4k page, physical 12113256k(2680764k free), swap 2097148k(2097148k free)

vm_info: Java HotSpot(TM) 64-Bit Server VM (11.0.7+8-LTS) for linux-amd64 JRE (11.0.7+8-LTS), built on Mar 12 2020 01:10:24 by "mach5one" with gcc 7.3.0

END.
